#
# There is insufficient memory for the Java Runtime Environment to continue.
# Native memory allocation (malloc) failed to allocate 262160 bytes for Chunk::new
# Possible reasons:
#   The system is out of physical RAM or swap space
#   The process is running with CompressedOops enabled, and the Java Heap may be blocking the growth of the native heap
# Possible solutions:
#   Reduce memory load on the system
#   Increase physical memory or swap space
#   Check if swap backing store is full
#   Decrease Java heap size (-Xmx/-Xms)
#   Decrease number of Java threads
#   Decrease Java thread stack sizes (-Xss)
#   Set larger code cache with -XX:ReservedCodeCacheSize=
#   JVM is running with Unscaled Compressed Oops mode in which the Java heap is
#     placed in the first 4GB address space. The Java Heap base address is the
#     maximum limit for the native heap growth. Please use -XX:HeapBaseMinAddress
#     to set the Java Heap base and to place the Java Heap above 4GB virtual address.
# This output file may be truncated or incomplete.
#
#  Out of Memory Error (allocation.cpp:389), pid=54804, tid=0x000000000000dc70
#
# JRE version: Java(TM) SE Runtime Environment (8.0_221-b11) (build 1.8.0_221-b11)
# Java VM: Java HotSpot(TM) 64-Bit Server VM (25.221-b11 mixed mode windows-amd64 compressed oops)
# Failed to write core dump. Minidumps are not enabled by default on client versions of Windows
#

---------------  T H R E A D  ---------------

Current thread (0x0000000015f8a000):  JavaThread "C2 CompilerThread2" daemon [_thread_in_native, id=56432, stack(0x0000000016a50000,0x0000000016b50000)]

Stack: [0x0000000016a50000,0x0000000016b50000]
[error occurred during error reporting (printing stack bounds), id 0xc0000005]

Native frames: (J=compiled Java code, j=interpreted, Vv=VM code, C=native code)


Current CompileTask:
C2:   5374 1471       4       java.net.URLClassLoader$1::run (5 bytes)


---------------  P R O C E S S  ---------------

Java Threads: ( => current thread )
  0x0000000015f8b800 JavaThread "File lock request listener" [_thread_in_vm, id=19140, stack(0x000000001ac30000,0x000000001ad30000)]
  0x0000000015f89000 JavaThread "Cache worker for journal cache (C:\Users\Kaushal.Kumar1\.gradle\caches\journal-1)" [_thread_blocked, id=15656, stack(0x000000001ab30000,0x000000001ac30000)]
  0x00000000186e1800 JavaThread "Thread-9" [_thread_blocked, id=54764, stack(0x000000001a830000,0x000000001a930000)]
  0x0000000018716800 JavaThread "Stdin handler" [_thread_blocked, id=38656, stack(0x000000001a730000,0x000000001a830000)]
  0x00000000186ed800 JavaThread "Asynchronous log dispatcher for DefaultDaemonConnection: socket connection from /127.0.0.1:63398 to /127.0.0.1:63399" [_thread_blocked, id=30716, stack(0x000000001a630000,0x000000001a730000)]
  0x00000000186e9800 JavaThread "Daemon worker" [_thread_in_native, id=28516, stack(0x000000001a530000,0x000000001a630000)]
  0x00000000186c8800 JavaThread "Cancel handler" [_thread_blocked, id=14492, stack(0x000000001a430000,0x000000001a530000)]
  0x00000000186ae000 JavaThread "Handler for socket connection from /127.0.0.1:63398 to /127.0.0.1:63399" [_thread_in_native, id=29020, stack(0x000000001a030000,0x000000001a130000)]
  0x00000000186ad000 JavaThread "Daemon" [_thread_blocked, id=57124, stack(0x0000000019f30000,0x000000001a030000)]
  0x0000000018c27800 JavaThread "Daemon periodic checks" [_thread_blocked, id=55892, stack(0x0000000019e30000,0x0000000019f30000)]
  0x0000000018c21800 JavaThread "Incoming local TCP Connector on port 63398" [_thread_in_native, id=55380, stack(0x0000000019bf0000,0x0000000019cf0000)]
  0x0000000017e4f800 JavaThread "Daemon health stats" [_thread_blocked, id=44076, stack(0x0000000018920000,0x0000000018a20000)]
  0x000000001601b800 JavaThread "Service Thread" daemon [_thread_blocked, id=26936, stack(0x0000000016c50000,0x0000000016d50000)]
  0x0000000015f8d000 JavaThread "C1 CompilerThread3" daemon [_thread_blocked, id=55924, stack(0x0000000016b50000,0x0000000016c50000)]
=>0x0000000015f8a000 JavaThread "C2 CompilerThread2" daemon [_thread_in_native, id=56432, stack(0x0000000016a50000,0x0000000016b50000)]
  0x0000000015f87800 JavaThread "C2 CompilerThread1" daemon [_thread_blocked, id=46256, stack(0x0000000016950000,0x0000000016a50000)]
  0x0000000015f7f000 JavaThread "C2 CompilerThread0" daemon [_thread_in_native, id=48076, stack(0x0000000016850000,0x0000000016950000)]
  0x0000000015f7b000 JavaThread "Attach Listener" daemon [_thread_blocked, id=56104, stack(0x0000000016750000,0x0000000016850000)]
  0x0000000015f7a000 JavaThread "Signal Dispatcher" daemon [_thread_blocked, id=38284, stack(0x0000000016650000,0x0000000016750000)]
  0x0000000015f70800 JavaThread "Finalizer" daemon [_thread_blocked, id=42696, stack(0x0000000016450000,0x0000000016550000)]
  0x00000000028c7000 JavaThread "Reference Handler" daemon [_thread_blocked, id=20492, stack(0x0000000016350000,0x0000000016450000)]
  0x00000000027d2800 JavaThread "main" [_thread_blocked, id=108, stack(0x0000000002600000,0x0000000002700000)]

Other Threads:
  0x0000000014179800 VMThread [stack: 0x0000000015e50000,0x0000000015f50000] [id=44180]
  0x000000001601f000 WatcherThread [stack: 0x0000000016e50000,0x0000000016f50000] [id=1424]

VM state:not at safepoint (normal execution)

VM Mutex/Monitor currently owned by a thread: None

heap address: 0x00000000e0000000, size: 512 MB, Compressed Oops mode: 32-bit
Narrow klass base: 0x0000000000000000, Narrow klass shift: 3
Compressed class space size: 1073741824 Address: 0x0000000100000000

Heap:
 PSYoungGen      total 76288K, used 11510K [0x00000000f5580000, 0x00000000faa80000, 0x0000000100000000)
  eden space 65536K, 3% used [0x00000000f5580000,0x00000000f579c878,0x00000000f9580000)
  from space 10752K, 86% used [0x00000000fa000000,0x00000000fa9210c0,0x00000000faa80000)
  to   space 10752K, 0% used [0x00000000f9580000,0x00000000f9580000,0x00000000fa000000)
 ParOldGen       total 175104K, used 24K [0x00000000e0000000, 0x00000000eab00000, 0x00000000f5580000)
  object space 175104K, 0% used [0x00000000e0000000,0x00000000e0006000,0x00000000eab00000)
 Metaspace       used 15111K, capacity 15438K, committed 15616K, reserved 1062912K
  class space    used 2049K, capacity 2183K, committed 2304K, reserved 1048576K

Card table byte_map: [0x0000000011d80000,0x0000000011e90000] byte_map_base: 0x0000000011680000

Marking Bits: (ParMarkBitMap*) 0x0000000062af5ce0
 Begin Bits: [0x0000000012690000, 0x0000000012e90000)
 End Bits:   [0x0000000012e90000, 0x0000000013690000)

Polling page: 0x0000000000720000

CodeCache: size=245760Kb used=5216Kb max_used=5226Kb free=240544Kb
 bounds [0x00000000029c0000, 0x0000000002ee0000, 0x00000000119c0000]
 total_blobs=1858 nmethods=1470 adapters=300
 compilation: enabled

Compilation events (10 events):
Event: 5.320 Thread 0x0000000015f8d000 1469       3       java.lang.ReflectiveOperationException::<init> (7 bytes)
Event: 5.320 Thread 0x0000000015f8d000 nmethod 1469 0x0000000002ec9350 code [0x0000000002ec94c0, 0x0000000002ec96a8]
Event: 5.320 Thread 0x0000000015f8d000 1470       3       java.lang.Exception::<init> (7 bytes)
Event: 5.320 Thread 0x0000000015f8d000 nmethod 1470 0x0000000002ec8fd0 code [0x0000000002ec9140, 0x0000000002ec92c8]
Event: 5.320 Thread 0x0000000015f8d000 1466       3       java.util.ArrayList::isEmpty (13 bytes)
Event: 5.320 Thread 0x0000000015f8d000 nmethod 1466 0x0000000002ecd150 code [0x0000000002ecd2a0, 0x0000000002ecd450]
Event: 5.320 Thread 0x0000000015f8d000 1468       1       com.google.common.collect.RegularImmutableList::size (5 bytes)
Event: 5.320 Thread 0x0000000015f8d000 nmethod 1468 0x0000000002ec8c90 code [0x0000000002ec8de0, 0x0000000002ec8ef0]
Event: 5.345 Thread 0x0000000015f87800 1473       4       java.lang.ref.ReferenceQueue::reallyPoll (65 bytes)
Event: 5.347 Thread 0x0000000015f87800 nmethod 1473 0x0000000002ecce90 code [0x0000000002eccfc0, 0x0000000002ecd0f8]

GC Heap History (4 events):
Event: 2.207 GC heap before
{Heap before GC invocations=1 (full 0):
 PSYoungGen      total 76288K, used 65536K [0x00000000f5580000, 0x00000000faa80000, 0x0000000100000000)
  eden space 65536K, 100% used [0x00000000f5580000,0x00000000f9580000,0x00000000f9580000)
  from space 10752K, 0% used [0x00000000fa000000,0x00000000fa000000,0x00000000faa80000)
  to   space 10752K, 0% used [0x00000000f9580000,0x00000000f9580000,0x00000000fa000000)
 ParOldGen       total 175104K, used 0K [0x00000000e0000000, 0x00000000eab00000, 0x00000000f5580000)
  object space 175104K, 0% used [0x00000000e0000000,0x00000000e0000000,0x00000000eab00000)
 Metaspace       used 8022K, capacity 8202K, committed 8320K, reserved 1056768K
  class space    used 998K, capacity 1073K, committed 1152K, reserved 1048576K
Event: 2.216 GC heap after
Heap after GC invocations=1 (full 0):
 PSYoungGen      total 76288K, used 6126K [0x00000000f5580000, 0x00000000faa80000, 0x0000000100000000)
  eden space 65536K, 0% used [0x00000000f5580000,0x00000000f5580000,0x00000000f9580000)
  from space 10752K, 56% used [0x00000000f9580000,0x00000000f9b7ba48,0x00000000fa000000)
  to   space 10752K, 0% used [0x00000000fa000000,0x00000000fa000000,0x00000000faa80000)
 ParOldGen       total 175104K, used 16K [0x00000000e0000000, 0x00000000eab00000, 0x00000000f5580000)
  object space 175104K, 0% used [0x00000000e0000000,0x00000000e0004000,0x00000000eab00000)
 Metaspace       used 8022K, capacity 8202K, committed 8320K, reserved 1056768K
  class space    used 998K, capacity 1073K, committed 1152K, reserved 1048576K
}
Event: 5.329 GC heap before
{Heap before GC invocations=2 (full 0):
 PSYoungGen      total 76288K, used 71662K [0x00000000f5580000, 0x00000000faa80000, 0x0000000100000000)
  eden space 65536K, 100% used [0x00000000f5580000,0x00000000f9580000,0x00000000f9580000)
  from space 10752K, 56% used [0x00000000f9580000,0x00000000f9b7ba48,0x00000000fa000000)
  to   space 10752K, 0% used [0x00000000fa000000,0x00000000fa000000,0x00000000faa80000)
 ParOldGen       total 175104K, used 16K [0x00000000e0000000, 0x00000000eab00000, 0x00000000f5580000)
  object space 175104K, 0% used [0x00000000e0000000,0x00000000e0004000,0x00000000eab00000)
 Metaspace       used 15024K, capacity 15342K, committed 15488K, reserved 1062912K
  class space    used 2034K, capacity 2151K, committed 2176K, reserved 1048576K
Event: 5.341 GC heap after
Heap after GC invocations=2 (full 0):
 PSYoungGen      total 76288K, used 9348K [0x00000000f5580000, 0x00000000faa80000, 0x0000000100000000)
  eden space 65536K, 0% used [0x00000000f5580000,0x00000000f5580000,0x00000000f9580000)
  from space 10752K, 86% used [0x00000000fa000000,0x00000000fa9210c0,0x00000000faa80000)
  to   space 10752K, 0% used [0x00000000f9580000,0x00000000f9580000,0x00000000fa000000)
 ParOldGen       total 175104K, used 24K [0x00000000e0000000, 0x00000000eab00000, 0x00000000f5580000)
  object space 175104K, 0% used [0x00000000e0000000,0x00000000e0006000,0x00000000eab00000)
 Metaspace       used 15024K, capacity 15342K, committed 15488K, reserved 1062912K
  class space    used 2034K, capacity 2151K, committed 2176K, reserved 1048576K
}

Deoptimization events (10 events):
Event: 4.927 Thread 0x00000000186ae000 Uncommon trap: reason=unstable_if action=reinterpret pc=0x0000000002dc7cbc method=java.util.concurrent.ConcurrentHashMap.putVal(Ljava/lang/Object;Ljava/lang/Object;Z)Ljava/lang/Object; @ 206
Event: 4.988 Thread 0x00000000186e9800 Uncommon trap: reason=bimorphic action=maybe_recompile pc=0x0000000002c2c88c method=java.util.HashMap.putVal(ILjava/lang/Object;Ljava/lang/Object;ZZ)Ljava/lang/Object; @ 253
Event: 4.989 Thread 0x00000000186e9800 Uncommon trap: reason=bimorphic action=maybe_recompile pc=0x0000000002c2c88c method=java.util.HashMap.putVal(ILjava/lang/Object;Ljava/lang/Object;ZZ)Ljava/lang/Object; @ 253
Event: 4.989 Thread 0x00000000186e9800 Uncommon trap: reason=bimorphic action=maybe_recompile pc=0x0000000002c2c88c method=java.util.HashMap.putVal(ILjava/lang/Object;Ljava/lang/Object;ZZ)Ljava/lang/Object; @ 253
Event: 4.989 Thread 0x00000000186e9800 Uncommon trap: reason=bimorphic action=maybe_recompile pc=0x0000000002c2c88c method=java.util.HashMap.putVal(ILjava/lang/Object;Ljava/lang/Object;ZZ)Ljava/lang/Object; @ 253
Event: 4.989 Thread 0x00000000186e9800 Uncommon trap: reason=bimorphic action=maybe_recompile pc=0x0000000002c13a44 method=java.util.HashMap.putVal(ILjava/lang/Object;Ljava/lang/Object;ZZ)Ljava/lang/Object; @ 253
Event: 5.238 Thread 0x00000000186e9800 Uncommon trap: reason=class_check action=maybe_recompile pc=0x0000000002cff5c4 method=java.util.regex.Matcher.match(II)Z @ 86
Event: 5.238 Thread 0x00000000186e9800 Uncommon trap: reason=class_check action=maybe_recompile pc=0x0000000002cff5c4 method=java.util.regex.Matcher.match(II)Z @ 86
Event: 5.238 Thread 0x00000000186e9800 Uncommon trap: reason=class_check action=maybe_recompile pc=0x0000000002cff5c4 method=java.util.regex.Matcher.match(II)Z @ 86
Event: 5.238 Thread 0x00000000186e9800 Uncommon trap: reason=class_check action=maybe_recompile pc=0x0000000002b91720 method=java.util.regex.Matcher.match(II)Z @ 86

Classes redefined (0 events):
No events

Internal exceptions (10 events):
Event: 1.134 Thread 0x00000000027d2800 Exception <a 'java/lang/ArrayIndexOutOfBoundsException'> (0x00000000f6c04f28) thrown at [C:\re\workspace\8-2-build-windows-amd64-cygwin\jdk8u221\13320\hotspot\src\share\vm\runtime\sharedRuntime.cpp, line 605]
Event: 3.291 Thread 0x00000000027d2800 Exception <a 'sun/nio/fs/WindowsException'> (0x00000000f6f71300) thrown at [C:\re\workspace\8-2-build-windows-amd64-cygwin\jdk8u221\13320\hotspot\src\share\vm\prims\jni.cpp, line 710]
Event: 4.880 Thread 0x00000000027d2800 Exception <a 'java/io/IOException'> (0x00000000f7260be8) thrown at [C:\re\workspace\8-2-build-windows-amd64-cygwin\jdk8u221\13320\hotspot\src\share\vm\prims\jni.cpp, line 710]
Event: 4.928 Thread 0x00000000186ae000 Exception <a 'java/lang/NoSuchMethodError': <clinit>> (0x00000000f750cf60) thrown at [C:\re\workspace\8-2-build-windows-amd64-cygwin\jdk8u221\13320\hotspot\src\share\vm\prims\jni.cpp, line 1614]
Event: 4.930 Thread 0x00000000186ae000 Exception <a 'java/lang/NoSuchMethodError': <clinit>> (0x00000000f7516bd0) thrown at [C:\re\workspace\8-2-build-windows-amd64-cygwin\jdk8u221\13320\hotspot\src\share\vm\prims\jni.cpp, line 1614]
Event: 4.932 Thread 0x00000000186ae000 Exception <a 'java/lang/NoSuchMethodError': <clinit>> (0x00000000f752b508) thrown at [C:\re\workspace\8-2-build-windows-amd64-cygwin\jdk8u221\13320\hotspot\src\share\vm\prims\jni.cpp, line 1614]
Event: 4.944 Thread 0x00000000186ae000 Exception <a 'java/lang/NoSuchMethodError': <clinit>> (0x00000000f758f6a8) thrown at [C:\re\workspace\8-2-build-windows-amd64-cygwin\jdk8u221\13320\hotspot\src\share\vm\prims\jni.cpp, line 1614]
Event: 4.952 Thread 0x00000000186ae000 Exception <a 'java/lang/NoSuchMethodError': <clinit>> (0x00000000f75c83c0) thrown at [C:\re\workspace\8-2-build-windows-amd64-cygwin\jdk8u221\13320\hotspot\src\share\vm\prims\jni.cpp, line 1614]
Event: 4.957 Thread 0x00000000186ae000 Exception <a 'java/lang/NoSuchMethodError': <clinit>> (0x00000000f75fe7b8) thrown at [C:\re\workspace\8-2-build-windows-amd64-cygwin\jdk8u221\13320\hotspot\src\share\vm\prims\jni.cpp, line 1614]
Event: 4.958 Thread 0x00000000186ae000 Exception <a 'java/lang/NoSuchMethodError': <clinit>> (0x00000000f760ad30) thrown at [C:\re\workspace\8-2-build-windows-amd64-cygwin\jdk8u221\13320\hotspot\src\share\vm\prims\jni.cpp, line 1614]

Events (10 events):
Event: 5.354 loading class org/gradle/cache/internal/InMemoryDecoratedCache
Event: 5.354 loading class org/gradle/cache/internal/InMemoryDecoratedCache done
Event: 5.354 loading class org/gradle/cache/internal/InMemoryCacheController
Event: 5.354 loading class org/gradle/cache/internal/InMemoryCacheController done
Event: 5.355 loading class org/gradle/cache/internal/CrossProcessSynchronizingCache
Event: 5.355 loading class org/gradle/cache/internal/CrossProcessSynchronizingCache done
Event: 5.356 loading class org/gradle/internal/Factories
Event: 5.356 loading class org/gradle/internal/Factories done
Event: 5.356 loading class org/gradle/internal/Factories$1
Event: 5.356 loading class org/gradle/internal/Factories$1 done


Dynamic libraries:
0x00007ff6eda60000 - 0x00007ff6eda97000 	C:\Program Files\Java\jdk1.8.0_221\bin\java.exe
0x00007ffa89be0000 - 0x00007ffa89dcd000 	C:\WINDOWS\SYSTEM32\ntdll.dll
0x00007ffa639b0000 - 0x00007ffa63a21000 	C:\WINDOWS\System32\verifier.dll
0x00007ffa442b0000 - 0x00007ffa443a4000 	C:\WINDOWS\SYSTEM32\PayloadRestrictions.dll
0x00007ffa86680000 - 0x00007ffa8677a000 	C:\WINDOWS\System32\ucrtbase.dll
0x00007ffa86a60000 - 0x00007ffa86cf5000 	C:\WINDOWS\System32\kernelbase.dll
0x00007ffa89af0000 - 0x00007ffa89ba3000 	C:\WINDOWS\System32\kernel32.dll
0x0000000066220000 - 0x00000000662b3000 	C:\WINDOWS\System32\SYSFER.DLL
0x00007ffa89870000 - 0x00007ffa89913000 	C:\WINDOWS\System32\ADVAPI32.dll
0x00007ffa878e0000 - 0x00007ffa8797e000 	C:\WINDOWS\System32\msvcrt.dll
0x00007ffa892c0000 - 0x00007ffa8935e000 	C:\WINDOWS\System32\sechost.dll
0x00007ffa87400000 - 0x00007ffa87522000 	C:\WINDOWS\System32\RPCRT4.dll
0x00007ffa89950000 - 0x00007ffa89ae7000 	C:\WINDOWS\System32\USER32.dll
0x00007ffa85f10000 - 0x00007ffa85f30000 	C:\WINDOWS\System32\win32u.dll
0x00007ffa87980000 - 0x00007ffa879a9000 	C:\WINDOWS\System32\GDI32.dll
0x00007ffa85d50000 - 0x00007ffa85eea000 	C:\WINDOWS\System32\gdi32full.dll
0x00007ffa86d60000 - 0x00007ffa86e00000 	C:\WINDOWS\System32\msvcp_win.dll
0x00007ffa6fbf0000 - 0x00007ffa6fe69000 	C:\WINDOWS\WinSxS\amd64_microsoft.windows.common-controls_6595b64144ccf1df_6.0.17763.1282_none_de75b6f253473c0f\COMCTL32.dll
0x00007ffa870d0000 - 0x00007ffa873fc000 	C:\WINDOWS\System32\combase.dll
0x00007ffa85ca0000 - 0x00007ffa85d1e000 	C:\WINDOWS\System32\bcryptPrimitives.dll
0x00007ffa89920000 - 0x00007ffa8994e000 	C:\WINDOWS\System32\IMM32.DLL
0x00007ffa848d0000 - 0x00007ffa849f1000 	C:\Program Files\Avecto\Privilege Guard Client\PGHook.dll
0x00007ffa87c00000 - 0x00007ffa890f8000 	C:\WINDOWS\System32\shell32.dll
0x00007ffa86830000 - 0x00007ffa8687a000 	C:\WINDOWS\System32\cfgmgr32.dll
0x00007ffa879b0000 - 0x00007ffa87a58000 	C:\WINDOWS\System32\shcore.dll
0x00007ffa85f30000 - 0x00007ffa8667f000 	C:\WINDOWS\System32\windows.storage.dll
0x00007ffa85c70000 - 0x00007ffa85c94000 	C:\WINDOWS\System32\profapi.dll
0x00007ffa85c10000 - 0x00007ffa85c6d000 	C:\WINDOWS\System32\powrprof.dll
0x00007ffa89200000 - 0x00007ffa89252000 	C:\WINDOWS\System32\shlwapi.dll
0x00007ffa85bd0000 - 0x00007ffa85be1000 	C:\WINDOWS\System32\kernel.appcore.dll
0x00007ffa85ef0000 - 0x00007ffa85f07000 	C:\WINDOWS\System32\cryptsp.dll
0x00007ffa84d10000 - 0x00007ffa84d43000 	C:\WINDOWS\system32\rsaenh.dll
0x00007ffa85d20000 - 0x00007ffa85d46000 	C:\WINDOWS\System32\bcrypt.dll
0x00007ffa85560000 - 0x00007ffa8556c000 	C:\WINDOWS\SYSTEM32\CRYPTBASE.dll
0x00000000644c0000 - 0x0000000064592000 	C:\Program Files\Java\jdk1.8.0_221\jre\bin\msvcr100.dll
0x00000000622d0000 - 0x0000000062b75000 	C:\Program Files\Java\jdk1.8.0_221\jre\bin\server\jvm.dll
0x00007ffa897e0000 - 0x00007ffa897e8000 	C:\WINDOWS\System32\PSAPI.DLL
0x00007ffa72410000 - 0x00007ffa72419000 	C:\WINDOWS\SYSTEM32\WSOCK32.dll
0x00007ffa87a60000 - 0x00007ffa87acd000 	C:\WINDOWS\System32\WS2_32.dll
0x00007ffa7bc80000 - 0x00007ffa7bca4000 	C:\WINDOWS\SYSTEM32\WINMM.dll
0x00007ffa72400000 - 0x00007ffa7240a000 	C:\WINDOWS\SYSTEM32\VERSION.dll
0x00007ffa7bc50000 - 0x00007ffa7bc7d000 	C:\WINDOWS\SYSTEM32\WINMMBASE.dll
0x00007ffa750f0000 - 0x00007ffa750ff000 	C:\Program Files\Java\jdk1.8.0_221\jre\bin\verify.dll
0x00007ffa6f940000 - 0x00007ffa6f969000 	C:\Program Files\Java\jdk1.8.0_221\jre\bin\java.dll
0x00007ffa6f8f0000 - 0x00007ffa6f906000 	C:\Program Files\Java\jdk1.8.0_221\jre\bin\zip.dll
0x00007ffa6d080000 - 0x00007ffa6d09a000 	C:\Program Files\Java\jdk1.8.0_221\jre\bin\net.dll
0x00007ffa72040000 - 0x00007ffa72217000 	C:\WINDOWS\SYSTEM32\urlmon.dll
0x00007ffa72820000 - 0x00007ffa72ac8000 	C:\WINDOWS\SYSTEM32\iertutil.dll
0x00007ffa853e0000 - 0x00007ffa85447000 	C:\WINDOWS\system32\mswsock.dll
0x00007ffa6eca0000 - 0x00007ffa6ecb6000 	C:\WINDOWS\system32\napinsp.dll
0x00007ffa6ec80000 - 0x00007ffa6ec9a000 	C:\WINDOWS\system32\pnrpnsp.dll
0x00007ffa85160000 - 0x00007ffa85227000 	C:\WINDOWS\SYSTEM32\DNSAPI.dll
0x00007ffa891f0000 - 0x00007ffa891f8000 	C:\WINDOWS\System32\NSI.dll
0x00007ffa85110000 - 0x00007ffa8514d000 	C:\WINDOWS\SYSTEM32\IPHLPAPI.DLL
0x00007ffa6f030000 - 0x00007ffa6f03e000 	C:\WINDOWS\System32\winrnr.dll
0x00007ffa7ea30000 - 0x00007ffa7ea4b000 	C:\WINDOWS\system32\NLAapi.dll
0x00007ffa77620000 - 0x00007ffa77635000 	C:\WINDOWS\system32\wshbth.dll
0x00007ffa70080000 - 0x00007ffa7008a000 	C:\Windows\System32\rasadhlp.dll
0x00007ffa7b3a0000 - 0x00007ffa7b419000 	C:\WINDOWS\System32\fwpuclnt.dll
0x00007ffa741d0000 - 0x00007ffa741dd000 	C:\Program Files\Java\jdk1.8.0_221\jre\bin\management.dll
0x00007ffa638d0000 - 0x00007ffa638e2000 	C:\Program Files\Java\jdk1.8.0_221\jre\bin\nio.dll
0x00007ffa62100000 - 0x00007ffa62127000 	C:\Users\Kaushal.Kumar1\.gradle\native\481b90ef2c2b5ab96622bab5346fdaaafe5c91895d4d4de1c4fe4b2e89a8011f\windows-amd64\native-platform.dll
0x00007ffa85b00000 - 0x00007ffa85b28000 	C:\WINDOWS\SYSTEM32\USERENV.dll
0x00007ffa776a0000 - 0x00007ffa776b6000 	C:\WINDOWS\SYSTEM32\dhcpcsvc6.DLL
0x00007ffa77ec0000 - 0x00007ffa77edc000 	C:\WINDOWS\SYSTEM32\dhcpcsvc.DLL
0x00007ffa7c220000 - 0x00007ffa7c22b000 	C:\WINDOWS\SYSTEM32\WINNSI.DLL

VM Arguments:
jvm_args: -XX:MaxMetaspaceSize=256m -XX:+HeapDumpOnOutOfMemoryError -Xms256m -Xmx512m -Dfile.encoding=windows-1252 -Duser.country=IN -Duser.language=en -Duser.variant 
java_command: org.gradle.launcher.daemon.bootstrap.GradleDaemon 6.4.1
java_class_path (initial): C:\Users\Kaushal.Kumar1\.gradle\wrapper\dists\gradle-6.4.1-bin\33549z180oh3o1s64iwo25l48\gradle-6.4.1\lib\gradle-launcher-6.4.1.jar
Launcher Type: SUN_STANDARD

Environment Variables:
JAVA_HOME=C:\Program Files\Java\jdk1.8.0_221
PATH=C:\WINDOWS\system32;C:\WINDOWS;C:\WINDOWS\System32\Wbem;C:\WINDOWS\System32\WindowsPowerShell\v1.0\;C:\WINDOWS\System32\OpenSSH\;C:\TA\apache-ant-1.8.2\apache-ant-1.8.2\bin;C:\Program Files\Microsoft SQL Server\Client SDK\ODBC\130\Tools\Binn\;C:\Program Files (x86)\Microsoft SQL Server\140\Tools\Binn\;C:\Program Files\Microsoft SQL Server\140\Tools\Binn\;C:\Program Files\Microsoft SQL Server\140\DTS\Binn\;C:\Program Files\Microsoft SQL Server\Client SDK\ODBC\110\Tools\Binn\;C:\Program Files (x86)\Microsoft SQL Server\120\Tools\Binn\;C:\Program Files\Microsoft SQL Server\120\Tools\Binn\;C:\Program Files\Microsoft SQL Server\120\DTS\Binn\;C:\Program Files (x86)\Microsoft SQL Server\120\Tools\Binn\ManagementStudio\;C:\Program Files (x86)\Microsoft SQL Server\120\DTS\Binn\;C:\Program Files\TortoiseSVN\bin;C:\Program Files\Java\jdk1.8.0_221\bin;%M2%;C:\Program Files\MySQL\MySQL Server 8.0\bin;C:\Program Files (x86)\Common Files\Hitachi ID\;C:\Program Files\Common Files\Hitachi ID\;C:\Program Files\TortoiseGit\bin;C:\Program Files\SourceGear\Common\DiffMerge\;C:\Program Files (x86)\Riverbed\Steelhead Mobile\;C:\Program Files\1E\Client\Extensibility\NomadBranch;C:\Program Files\MySQL\MySQL Shell 8.0\bin\;C:\Users\Kaushal.Kumar1\AppData\Local\Microsoft\WindowsApps;C:\Program Files\Java\jdk1.8.0_221\bin;C:\kaushal\new_workspace10032020\apache-maven-3.6.3-bin\apache-maven-3.6.3\bin;C:\kaushal\new_workspace10032020\Git\cmd
USERNAME=Kaushal.Kumar1
OS=Windows_NT
PROCESSOR_IDENTIFIER=Intel64 Family 6 Model 142 Stepping 10, GenuineIntel



---------------  S Y S T E M  ---------------

OS: Windows 10.0 , 64 bit Build 17763 (10.0.17763.1158)

CPU:total 8 (initial active 8) (4 cores per cpu, 2 threads per core) family 6 model 142 stepping 10, cmov, cx8, fxsr, mmx, sse, sse2, sse3, ssse3, sse4.1, sse4.2, popcnt, avx, avx2, aes, clmul, erms, rtm, 3dnowpref, lzcnt, ht, tsc, tscinvbit, bmi1, bmi2, adx

Memory: 4k page, physical 8228040k(343908k free), swap 33393864k(4124k free)

vm_info: Java HotSpot(TM) 64-Bit Server VM (25.221-b11) for windows-amd64 JRE (1.8.0_221-b11), built on Jul  4 2019 04:39:29 by "java_re" with MS VC++ 10.0 (VS2010)

time: Thu Aug 13 16:10:17 2020
timezone: India Standard Time
elapsed time: 5 seconds (0d 0h 0m 5s)

