#
# There is insufficient memory for the Java Runtime Environment to continue.
# Native memory allocation (malloc) failed to allocate 1506752 bytes for Chunk::new
# Possible reasons:
#   The system is out of physical RAM or swap space
#   The process is running with CompressedOops enabled, and the Java Heap may be blocking the growth of the native heap
# Possible solutions:
#   Reduce memory load on the system
#   Increase physical memory or swap space
#   Check if swap backing store is full
#   Decrease Java heap size (-Xmx/-Xms)
#   Decrease number of Java threads
#   Decrease Java thread stack sizes (-Xss)
#   Set larger code cache with -XX:ReservedCodeCacheSize=
#   JVM is running with Unscaled Compressed Oops mode in which the Java heap is
#     placed in the first 4GB address space. The Java Heap base address is the
#     maximum limit for the native heap growth. Please use -XX:HeapBaseMinAddress
#     to set the Java Heap base and to place the Java Heap above 4GB virtual address.
# This output file may be truncated or incomplete.
#
#  Out of Memory Error (allocation.cpp:389), pid=52976, tid=0x000000000000de04
#
# JRE version: Java(TM) SE Runtime Environment (8.0_221-b11) (build 1.8.0_221-b11)
# Java VM: Java HotSpot(TM) 64-Bit Server VM (25.221-b11 mixed mode windows-amd64 compressed oops)
# Failed to write core dump. Minidumps are not enabled by default on client versions of Windows
#

---------------  T H R E A D  ---------------

Current thread (0x0000000015dae800):  JavaThread "C2 CompilerThread0" daemon [_thread_in_native, id=56836, stack(0x0000000016680000,0x0000000016780000)]

Stack: [0x0000000016680000,0x0000000016780000]
[error occurred during error reporting (printing stack bounds), id 0xc0000005]

Native frames: (J=compiled Java code, j=interpreted, Vv=VM code, C=native code)


Current CompileTask:
C2:  14595 1473       4       java.net.URLClassLoader$1::run (5 bytes)


---------------  P R O C E S S  ---------------

Java Threads: ( => current thread )
  0x0000000017589000 JavaThread "Cache worker for file hash cache (C:\Users\Kaushal.Kumar1\.gradle\caches\6.4.1\fileHashes)" [_thread_blocked, id=41352, stack(0x000000001ab60000,0x000000001ac60000)]
  0x000000001758c000 JavaThread "File lock request listener" [_thread_in_native, id=47512, stack(0x000000001aa60000,0x000000001ab60000)]
  0x000000001758a000 JavaThread "Cache worker for journal cache (C:\Users\Kaushal.Kumar1\.gradle\caches\journal-1)" [_thread_blocked, id=55024, stack(0x000000001a960000,0x000000001aa60000)]
  0x00000000160b8800 JavaThread "Thread-9" [_thread_blocked, id=50780, stack(0x0000000019690000,0x0000000019790000)]
  0x00000000175fd000 JavaThread "Stdin handler" [_thread_blocked, id=53000, stack(0x0000000019590000,0x0000000019690000)]
  0x000000001731e000 JavaThread "Asynchronous log dispatcher for DefaultDaemonConnection: socket connection from /127.0.0.1:63363 to /127.0.0.1:63364" [_thread_blocked, id=56084, stack(0x0000000019490000,0x0000000019590000)]
  0x000000001760a800 JavaThread "Daemon worker" [_thread_in_vm, id=49344, stack(0x0000000019390000,0x0000000019490000)]
  0x00000000177eb000 JavaThread "Cancel handler" [_thread_blocked, id=50236, stack(0x0000000019290000,0x0000000019390000)]
  0x00000000177df000 JavaThread "Handler for socket connection from /127.0.0.1:63363 to /127.0.0.1:63364" [_thread_in_native, id=54196, stack(0x0000000018e90000,0x0000000018f90000)]
  0x000000001753f000 JavaThread "Daemon" [_thread_blocked, id=26344, stack(0x0000000018d90000,0x0000000018e90000)]
  0x0000000017531000 JavaThread "Daemon periodic checks" [_thread_blocked, id=55884, stack(0x0000000018c90000,0x0000000018d90000)]
  0x0000000018447800 JavaThread "Incoming local TCP Connector on port 63363" [_thread_in_native, id=3332, stack(0x0000000018a50000,0x0000000018b50000)]
  0x000000001806e800 JavaThread "Daemon health stats" [_thread_blocked, id=42068, stack(0x0000000018750000,0x0000000018850000)]
  0x0000000015e51800 JavaThread "Service Thread" daemon [_thread_blocked, id=36584, stack(0x0000000016a80000,0x0000000016b80000)]
  0x0000000015dce800 JavaThread "C1 CompilerThread3" daemon [_thread_blocked, id=3104, stack(0x0000000016980000,0x0000000016a80000)]
  0x0000000015dc0800 JavaThread "C2 CompilerThread2" daemon [_thread_in_native, id=36664, stack(0x0000000016880000,0x0000000016980000)]
  0x0000000015db0800 JavaThread "C2 CompilerThread1" daemon [_thread_blocked, id=1656, stack(0x0000000016780000,0x0000000016880000)]
=>0x0000000015dae800 JavaThread "C2 CompilerThread0" daemon [_thread_in_native, id=56836, stack(0x0000000016680000,0x0000000016780000)]
  0x0000000015daa800 JavaThread "Attach Listener" daemon [_thread_blocked, id=43536, stack(0x0000000016580000,0x0000000016680000)]
  0x0000000013f9e800 JavaThread "Signal Dispatcher" daemon [_thread_blocked, id=27516, stack(0x0000000016480000,0x0000000016580000)]
  0x0000000002719800 JavaThread "Finalizer" daemon [_thread_blocked, id=28312, stack(0x0000000016280000,0x0000000016380000)]
  0x0000000002716000 JavaThread "Reference Handler" daemon [_thread_blocked, id=53160, stack(0x0000000016180000,0x0000000016280000)]
  0x0000000002622800 JavaThread "main" [_thread_blocked, id=41924, stack(0x00000000024d0000,0x00000000025d0000)]

Other Threads:
  0x0000000013f89800 VMThread [stack: 0x0000000015c80000,0x0000000015d80000] [id=33960]
  0x0000000015e1e000 WatcherThread [stack: 0x0000000016c80000,0x0000000016d80000] [id=45988]

VM state:not at safepoint (normal execution)

VM Mutex/Monitor currently owned by a thread: None

heap address: 0x00000000e0000000, size: 512 MB, Compressed Oops mode: 32-bit
Narrow klass base: 0x0000000000000000, Narrow klass shift: 3
Compressed class space size: 1073741824 Address: 0x0000000100000000

Heap:
 PSYoungGen      total 76288K, used 36785K [0x00000000f5580000, 0x00000000faa80000, 0x0000000100000000)
  eden space 65536K, 41% used [0x00000000f5580000,0x00000000f705fd08,0x00000000f9580000)
  from space 10752K, 86% used [0x00000000fa000000,0x00000000fa90ca50,0x00000000faa80000)
  to   space 10752K, 0% used [0x00000000f9580000,0x00000000f9580000,0x00000000fa000000)
 ParOldGen       total 175104K, used 24K [0x00000000e0000000, 0x00000000eab00000, 0x00000000f5580000)
  object space 175104K, 0% used [0x00000000e0000000,0x00000000e0006000,0x00000000eab00000)
 Metaspace       used 16582K, capacity 17032K, committed 17408K, reserved 1064960K
  class space    used 2316K, capacity 2478K, committed 2560K, reserved 1048576K

Card table byte_map: [0x0000000011ae0000,0x0000000011bf0000] byte_map_base: 0x00000000113e0000

Marking Bits: (ParMarkBitMap*) 0x0000000062af5ce0
 Begin Bits: [0x00000000124a0000, 0x0000000012ca0000)
 End Bits:   [0x0000000012ca0000, 0x00000000134a0000)

Polling page: 0x0000000000830000

CodeCache: size=245760Kb used=4787Kb max_used=4900Kb free=240972Kb
 bounds [0x0000000002720000, 0x0000000002c00000, 0x0000000011720000]
 total_blobs=1769 nmethods=1377 adapters=304
 compilation: enabled

Compilation events (10 events):
Event: 14.569 Thread 0x0000000015dce800 1534       3       jdk.internal.org.objectweb.asm.MethodWriter::<init> (268 bytes)
Event: 14.570 Thread 0x0000000015dce800 nmethod 1534 0x00000000028c9450 code [0x00000000028c9680, 0x00000000028ca368]
Event: 14.570 Thread 0x0000000015dce800 1535       3       jdk.internal.org.objectweb.asm.MethodWriter::visitMaxs (1159 bytes)
Event: 14.576 Thread 0x0000000015dce800 nmethod 1535 0x0000000002a6e690 code [0x0000000002a6eb40, 0x0000000002a71178]
Event: 14.576 Thread 0x0000000015dce800 1533       3       jdk.internal.org.objectweb.asm.ClassWriter::visitMethod (24 bytes)
Event: 14.576 Thread 0x0000000015dce800 nmethod 1533 0x00000000028f8e50 code [0x00000000028f8fc0, 0x00000000028f9208]
Event: 14.588 Thread 0x0000000015dce800 1536       3       java.lang.String::substring (56 bytes)
Event: 14.588 Thread 0x0000000015dce800 nmethod 1536 0x00000000029752d0 code [0x0000000002975460, 0x0000000002975808]
Event: 14.589 Thread 0x0000000015dce800 1537       3       java.lang.Throwable::<init> (39 bytes)
Event: 14.589 Thread 0x0000000015dce800 nmethod 1537 0x0000000002912090 code [0x0000000002912200, 0x0000000002912508]

GC Heap History (4 events):
Event: 9.838 GC heap before
{Heap before GC invocations=1 (full 0):
 PSYoungGen      total 76288K, used 65536K [0x00000000f5580000, 0x00000000faa80000, 0x0000000100000000)
  eden space 65536K, 100% used [0x00000000f5580000,0x00000000f9580000,0x00000000f9580000)
  from space 10752K, 0% used [0x00000000fa000000,0x00000000fa000000,0x00000000faa80000)
  to   space 10752K, 0% used [0x00000000f9580000,0x00000000f9580000,0x00000000fa000000)
 ParOldGen       total 175104K, used 0K [0x00000000e0000000, 0x00000000eab00000, 0x00000000f5580000)
  object space 175104K, 0% used [0x00000000e0000000,0x00000000e0000000,0x00000000eab00000)
 Metaspace       used 8004K, capacity 8202K, committed 8320K, reserved 1056768K
  class space    used 998K, capacity 1073K, committed 1152K, reserved 1048576K
Event: 9.856 GC heap after
Heap after GC invocations=1 (full 0):
 PSYoungGen      total 76288K, used 6014K [0x00000000f5580000, 0x00000000faa80000, 0x0000000100000000)
  eden space 65536K, 0% used [0x00000000f5580000,0x00000000f5580000,0x00000000f9580000)
  from space 10752K, 55% used [0x00000000f9580000,0x00000000f9b5f810,0x00000000fa000000)
  to   space 10752K, 0% used [0x00000000fa000000,0x00000000fa000000,0x00000000faa80000)
 ParOldGen       total 175104K, used 16K [0x00000000e0000000, 0x00000000eab00000, 0x00000000f5580000)
  object space 175104K, 0% used [0x00000000e0000000,0x00000000e0004000,0x00000000eab00000)
 Metaspace       used 8004K, capacity 8202K, committed 8320K, reserved 1056768K
  class space    used 998K, capacity 1073K, committed 1152K, reserved 1048576K
}
Event: 14.130 GC heap before
{Heap before GC invocations=2 (full 0):
 PSYoungGen      total 76288K, used 71550K [0x00000000f5580000, 0x00000000faa80000, 0x0000000100000000)
  eden space 65536K, 100% used [0x00000000f5580000,0x00000000f9580000,0x00000000f9580000)
  from space 10752K, 55% used [0x00000000f9580000,0x00000000f9b5f810,0x00000000fa000000)
  to   space 10752K, 0% used [0x00000000fa000000,0x00000000fa000000,0x00000000faa80000)
 ParOldGen       total 175104K, used 16K [0x00000000e0000000, 0x00000000eab00000, 0x00000000f5580000)
  object space 175104K, 0% used [0x00000000e0000000,0x00000000e0004000,0x00000000eab00000)
 Metaspace       used 15026K, capacity 15406K, committed 15488K, reserved 1062912K
  class space    used 2033K, capacity 2151K, committed 2176K, reserved 1048576K
Event: 14.141 GC heap after
Heap after GC invocations=2 (full 0):
 PSYoungGen      total 76288K, used 9266K [0x00000000f5580000, 0x00000000faa80000, 0x0000000100000000)
  eden space 65536K, 0% used [0x00000000f5580000,0x00000000f5580000,0x00000000f9580000)
  from space 10752K, 86% used [0x00000000fa000000,0x00000000fa90ca50,0x00000000faa80000)
  to   space 10752K, 0% used [0x00000000f9580000,0x00000000f9580000,0x00000000fa000000)
 ParOldGen       total 175104K, used 24K [0x00000000e0000000, 0x00000000eab00000, 0x00000000f5580000)
  object space 175104K, 0% used [0x00000000e0000000,0x00000000e0006000,0x00000000eab00000)
 Metaspace       used 15026K, capacity 15406K, committed 15488K, reserved 1062912K
  class space    used 2033K, capacity 2151K, committed 2176K, reserved 1048576K
}

Deoptimization events (10 events):
Event: 13.621 Thread 0x000000001760a800 Uncommon trap: reason=bimorphic action=maybe_recompile pc=0x000000000297260c method=java.util.HashMap.putVal(ILjava/lang/Object;Ljava/lang/Object;ZZ)Ljava/lang/Object; @ 253
Event: 13.621 Thread 0x000000001760a800 Uncommon trap: reason=bimorphic action=maybe_recompile pc=0x000000000297260c method=java.util.HashMap.putVal(ILjava/lang/Object;Ljava/lang/Object;ZZ)Ljava/lang/Object; @ 253
Event: 13.621 Thread 0x000000001760a800 Uncommon trap: reason=bimorphic action=maybe_recompile pc=0x000000000297260c method=java.util.HashMap.putVal(ILjava/lang/Object;Ljava/lang/Object;ZZ)Ljava/lang/Object; @ 253
Event: 13.621 Thread 0x000000001760a800 Uncommon trap: reason=bimorphic action=maybe_recompile pc=0x00000000029769d4 method=java.util.HashMap.putVal(ILjava/lang/Object;Ljava/lang/Object;ZZ)Ljava/lang/Object; @ 253
Event: 14.014 Thread 0x000000001760a800 Uncommon trap: reason=class_check action=maybe_recompile pc=0x0000000002a579c4 method=java.util.regex.Matcher.match(II)Z @ 86
Event: 14.015 Thread 0x000000001760a800 Uncommon trap: reason=class_check action=maybe_recompile pc=0x0000000002a579c4 method=java.util.regex.Matcher.match(II)Z @ 86
Event: 14.015 Thread 0x000000001760a800 Uncommon trap: reason=class_check action=maybe_recompile pc=0x0000000002a579c4 method=java.util.regex.Matcher.match(II)Z @ 86
Event: 14.015 Thread 0x000000001760a800 Uncommon trap: reason=class_check action=maybe_recompile pc=0x00000000028e6ea0 method=java.util.regex.Matcher.match(II)Z @ 86
Event: 14.574 Thread 0x000000001760a800 Uncommon trap: reason=unstable_if action=reinterpret pc=0x0000000002a5654c method=java.io.File.getName()Ljava/lang/String; @ 16
Event: 14.574 Thread 0x000000001760a800 Uncommon trap: reason=unstable_if action=reinterpret pc=0x0000000002a4f854 method=java.lang.String.substring(I)Ljava/lang/String; @ 35

Classes redefined (0 events):
No events

Internal exceptions (10 events):
Event: 7.880 Thread 0x0000000002622800 Exception <a 'java/lang/ArrayIndexOutOfBoundsException'> (0x00000000f6c30d08) thrown at [C:\re\workspace\8-2-build-windows-amd64-cygwin\jdk8u221\13320\hotspot\src\share\vm\runtime\sharedRuntime.cpp, line 605]
Event: 11.344 Thread 0x0000000002622800 Exception <a 'sun/nio/fs/WindowsException'> (0x00000000f6f791b0) thrown at [C:\re\workspace\8-2-build-windows-amd64-cygwin\jdk8u221\13320\hotspot\src\share\vm\prims\jni.cpp, line 710]
Event: 13.312 Thread 0x0000000002622800 Exception <a 'java/io/IOException'> (0x00000000f72682f8) thrown at [C:\re\workspace\8-2-build-windows-amd64-cygwin\jdk8u221\13320\hotspot\src\share\vm\prims\jni.cpp, line 710]
Event: 13.525 Thread 0x00000000177df000 Exception <a 'java/lang/NoSuchMethodError': <clinit>> (0x00000000f7510388) thrown at [C:\re\workspace\8-2-build-windows-amd64-cygwin\jdk8u221\13320\hotspot\src\share\vm\prims\jni.cpp, line 1614]
Event: 13.527 Thread 0x00000000177df000 Exception <a 'java/lang/NoSuchMethodError': <clinit>> (0x00000000f7519ff8) thrown at [C:\re\workspace\8-2-build-windows-amd64-cygwin\jdk8u221\13320\hotspot\src\share\vm\prims\jni.cpp, line 1614]
Event: 13.530 Thread 0x00000000177df000 Exception <a 'java/lang/NoSuchMethodError': <clinit>> (0x00000000f752e930) thrown at [C:\re\workspace\8-2-build-windows-amd64-cygwin\jdk8u221\13320\hotspot\src\share\vm\prims\jni.cpp, line 1614]
Event: 13.547 Thread 0x00000000177df000 Exception <a 'java/lang/NoSuchMethodError': <clinit>> (0x00000000f7592ad0) thrown at [C:\re\workspace\8-2-build-windows-amd64-cygwin\jdk8u221\13320\hotspot\src\share\vm\prims\jni.cpp, line 1614]
Event: 13.558 Thread 0x00000000177df000 Exception <a 'java/lang/NoSuchMethodError': <clinit>> (0x00000000f75cb7c8) thrown at [C:\re\workspace\8-2-build-windows-amd64-cygwin\jdk8u221\13320\hotspot\src\share\vm\prims\jni.cpp, line 1614]
Event: 13.566 Thread 0x00000000177df000 Exception <a 'java/lang/NoSuchMethodError': <clinit>> (0x00000000f7601c40) thrown at [C:\re\workspace\8-2-build-windows-amd64-cygwin\jdk8u221\13320\hotspot\src\share\vm\prims\jni.cpp, line 1614]
Event: 13.568 Thread 0x00000000177df000 Exception <a 'java/lang/NoSuchMethodError': <clinit>> (0x00000000f760e1b8) thrown at [C:\re\workspace\8-2-build-windows-amd64-cygwin\jdk8u221\13320\hotspot\src\share\vm\prims\jni.cpp, line 1614]

Events (10 events):
Event: 14.588 loading class com/google/common/io/ByteSource$ConcatenatedByteSource
Event: 14.588 loading class com/google/common/io/ByteSource$ConcatenatedByteSource done
Event: 14.588 loading class com/google/common/io/ByteSource$ByteArrayByteSource
Event: 14.588 loading class com/google/common/io/ByteSource$ByteArrayByteSource done
Event: 14.589 loading class com/google/common/io/ByteSource$EmptyByteSource
Event: 14.589 loading class com/google/common/io/ByteSource$EmptyByteSource done
Event: 14.589 loading class com/google/common/io/ByteSource$SlicedByteSource
Event: 14.589 loading class com/google/common/io/ByteSource$SlicedByteSource done
Event: 14.590 loading class com/google/common/io/CharSource
Event: 14.590 loading class com/google/common/io/CharSource done


Dynamic libraries:
0x00007ff6eda60000 - 0x00007ff6eda97000 	C:\Program Files\Java\jdk1.8.0_221\bin\java.exe
0x00007ffa89be0000 - 0x00007ffa89dcd000 	C:\WINDOWS\SYSTEM32\ntdll.dll
0x00007ffa639b0000 - 0x00007ffa63a21000 	C:\WINDOWS\System32\verifier.dll
0x00007ffa442b0000 - 0x00007ffa443a4000 	C:\WINDOWS\SYSTEM32\PayloadRestrictions.dll
0x00007ffa86680000 - 0x00007ffa8677a000 	C:\WINDOWS\System32\ucrtbase.dll
0x00007ffa86a60000 - 0x00007ffa86cf5000 	C:\WINDOWS\System32\kernelbase.dll
0x00007ffa89af0000 - 0x00007ffa89ba3000 	C:\WINDOWS\System32\kernel32.dll
0x0000000066220000 - 0x00000000662b3000 	C:\WINDOWS\System32\SYSFER.DLL
0x00007ffa89870000 - 0x00007ffa89913000 	C:\WINDOWS\System32\ADVAPI32.dll
0x00007ffa878e0000 - 0x00007ffa8797e000 	C:\WINDOWS\System32\msvcrt.dll
0x00007ffa892c0000 - 0x00007ffa8935e000 	C:\WINDOWS\System32\sechost.dll
0x00007ffa87400000 - 0x00007ffa87522000 	C:\WINDOWS\System32\RPCRT4.dll
0x00007ffa89950000 - 0x00007ffa89ae7000 	C:\WINDOWS\System32\USER32.dll
0x00007ffa85f10000 - 0x00007ffa85f30000 	C:\WINDOWS\System32\win32u.dll
0x00007ffa87980000 - 0x00007ffa879a9000 	C:\WINDOWS\System32\GDI32.dll
0x00007ffa85d50000 - 0x00007ffa85eea000 	C:\WINDOWS\System32\gdi32full.dll
0x00007ffa86d60000 - 0x00007ffa86e00000 	C:\WINDOWS\System32\msvcp_win.dll
0x00007ffa6fbf0000 - 0x00007ffa6fe69000 	C:\WINDOWS\WinSxS\amd64_microsoft.windows.common-controls_6595b64144ccf1df_6.0.17763.1282_none_de75b6f253473c0f\COMCTL32.dll
0x00007ffa870d0000 - 0x00007ffa873fc000 	C:\WINDOWS\System32\combase.dll
0x00007ffa85ca0000 - 0x00007ffa85d1e000 	C:\WINDOWS\System32\bcryptPrimitives.dll
0x00007ffa89920000 - 0x00007ffa8994e000 	C:\WINDOWS\System32\IMM32.DLL
0x00007ffa848d0000 - 0x00007ffa849f1000 	C:\Program Files\Avecto\Privilege Guard Client\PGHook.dll
0x00007ffa87c00000 - 0x00007ffa890f8000 	C:\WINDOWS\System32\shell32.dll
0x00007ffa86830000 - 0x00007ffa8687a000 	C:\WINDOWS\System32\cfgmgr32.dll
0x00007ffa879b0000 - 0x00007ffa87a58000 	C:\WINDOWS\System32\shcore.dll
0x00007ffa85f30000 - 0x00007ffa8667f000 	C:\WINDOWS\System32\windows.storage.dll
0x00007ffa85c70000 - 0x00007ffa85c94000 	C:\WINDOWS\System32\profapi.dll
0x00007ffa85c10000 - 0x00007ffa85c6d000 	C:\WINDOWS\System32\powrprof.dll
0x00007ffa89200000 - 0x00007ffa89252000 	C:\WINDOWS\System32\shlwapi.dll
0x00007ffa85bd0000 - 0x00007ffa85be1000 	C:\WINDOWS\System32\kernel.appcore.dll
0x00007ffa85ef0000 - 0x00007ffa85f07000 	C:\WINDOWS\System32\cryptsp.dll
0x00007ffa84d10000 - 0x00007ffa84d43000 	C:\WINDOWS\system32\rsaenh.dll
0x00007ffa85d20000 - 0x00007ffa85d46000 	C:\WINDOWS\System32\bcrypt.dll
0x00007ffa85560000 - 0x00007ffa8556c000 	C:\WINDOWS\SYSTEM32\CRYPTBASE.dll
0x00000000644c0000 - 0x0000000064592000 	C:\Program Files\Java\jdk1.8.0_221\jre\bin\msvcr100.dll
0x00000000622d0000 - 0x0000000062b75000 	C:\Program Files\Java\jdk1.8.0_221\jre\bin\server\jvm.dll
0x00007ffa897e0000 - 0x00007ffa897e8000 	C:\WINDOWS\System32\PSAPI.DLL
0x00007ffa72410000 - 0x00007ffa72419000 	C:\WINDOWS\SYSTEM32\WSOCK32.dll
0x00007ffa87a60000 - 0x00007ffa87acd000 	C:\WINDOWS\System32\WS2_32.dll
0x00007ffa7bc80000 - 0x00007ffa7bca4000 	C:\WINDOWS\SYSTEM32\WINMM.dll
0x00007ffa72400000 - 0x00007ffa7240a000 	C:\WINDOWS\SYSTEM32\VERSION.dll
0x00007ffa7bc50000 - 0x00007ffa7bc7d000 	C:\WINDOWS\SYSTEM32\WINMMBASE.dll
0x00007ffa750f0000 - 0x00007ffa750ff000 	C:\Program Files\Java\jdk1.8.0_221\jre\bin\verify.dll
0x00007ffa6f940000 - 0x00007ffa6f969000 	C:\Program Files\Java\jdk1.8.0_221\jre\bin\java.dll
0x00007ffa6f8f0000 - 0x00007ffa6f906000 	C:\Program Files\Java\jdk1.8.0_221\jre\bin\zip.dll
0x00007ffa6d080000 - 0x00007ffa6d09a000 	C:\Program Files\Java\jdk1.8.0_221\jre\bin\net.dll
0x00007ffa72040000 - 0x00007ffa72217000 	C:\WINDOWS\SYSTEM32\urlmon.dll
0x00007ffa72820000 - 0x00007ffa72ac8000 	C:\WINDOWS\SYSTEM32\iertutil.dll
0x00007ffa853e0000 - 0x00007ffa85447000 	C:\WINDOWS\system32\mswsock.dll
0x00007ffa6eca0000 - 0x00007ffa6ecb6000 	C:\WINDOWS\system32\napinsp.dll
0x00007ffa6ec80000 - 0x00007ffa6ec9a000 	C:\WINDOWS\system32\pnrpnsp.dll
0x00007ffa85160000 - 0x00007ffa85227000 	C:\WINDOWS\SYSTEM32\DNSAPI.dll
0x00007ffa891f0000 - 0x00007ffa891f8000 	C:\WINDOWS\System32\NSI.dll
0x00007ffa85110000 - 0x00007ffa8514d000 	C:\WINDOWS\SYSTEM32\IPHLPAPI.DLL
0x00007ffa6f030000 - 0x00007ffa6f03e000 	C:\WINDOWS\System32\winrnr.dll
0x00007ffa7ea30000 - 0x00007ffa7ea4b000 	C:\WINDOWS\system32\NLAapi.dll
0x00007ffa77620000 - 0x00007ffa77635000 	C:\WINDOWS\system32\wshbth.dll
0x00007ffa70080000 - 0x00007ffa7008a000 	C:\Windows\System32\rasadhlp.dll
0x00007ffa7b3a0000 - 0x00007ffa7b419000 	C:\WINDOWS\System32\fwpuclnt.dll
0x00007ffa741d0000 - 0x00007ffa741dd000 	C:\Program Files\Java\jdk1.8.0_221\jre\bin\management.dll
0x00007ffa638d0000 - 0x00007ffa638e2000 	C:\Program Files\Java\jdk1.8.0_221\jre\bin\nio.dll
0x00007ffa62100000 - 0x00007ffa62127000 	C:\Users\Kaushal.Kumar1\.gradle\native\481b90ef2c2b5ab96622bab5346fdaaafe5c91895d4d4de1c4fe4b2e89a8011f\windows-amd64\native-platform.dll
0x00007ffa85b00000 - 0x00007ffa85b28000 	C:\WINDOWS\SYSTEM32\USERENV.dll
0x00007ffa776a0000 - 0x00007ffa776b6000 	C:\WINDOWS\SYSTEM32\dhcpcsvc6.DLL
0x00007ffa77ec0000 - 0x00007ffa77edc000 	C:\WINDOWS\SYSTEM32\dhcpcsvc.DLL
0x00007ffa7c220000 - 0x00007ffa7c22b000 	C:\WINDOWS\SYSTEM32\WINNSI.DLL

VM Arguments:
jvm_args: -XX:MaxMetaspaceSize=256m -XX:+HeapDumpOnOutOfMemoryError -Xms256m -Xmx512m -Dfile.encoding=windows-1252 -Duser.country=IN -Duser.language=en -Duser.variant 
java_command: org.gradle.launcher.daemon.bootstrap.GradleDaemon 6.4.1
java_class_path (initial): C:\Users\Kaushal.Kumar1\.gradle\wrapper\dists\gradle-6.4.1-bin\33549z180oh3o1s64iwo25l48\gradle-6.4.1\lib\gradle-launcher-6.4.1.jar
Launcher Type: SUN_STANDARD

Environment Variables:
JAVA_HOME=C:\Program Files\Java\jdk1.8.0_221
PATH=C:\WINDOWS\system32;C:\WINDOWS;C:\WINDOWS\System32\Wbem;C:\WINDOWS\System32\WindowsPowerShell\v1.0\;C:\WINDOWS\System32\OpenSSH\;C:\TA\apache-ant-1.8.2\apache-ant-1.8.2\bin;C:\Program Files\Microsoft SQL Server\Client SDK\ODBC\130\Tools\Binn\;C:\Program Files (x86)\Microsoft SQL Server\140\Tools\Binn\;C:\Program Files\Microsoft SQL Server\140\Tools\Binn\;C:\Program Files\Microsoft SQL Server\140\DTS\Binn\;C:\Program Files\Microsoft SQL Server\Client SDK\ODBC\110\Tools\Binn\;C:\Program Files (x86)\Microsoft SQL Server\120\Tools\Binn\;C:\Program Files\Microsoft SQL Server\120\Tools\Binn\;C:\Program Files\Microsoft SQL Server\120\DTS\Binn\;C:\Program Files (x86)\Microsoft SQL Server\120\Tools\Binn\ManagementStudio\;C:\Program Files (x86)\Microsoft SQL Server\120\DTS\Binn\;C:\Program Files\TortoiseSVN\bin;C:\Program Files\Java\jdk1.8.0_221\bin;%M2%;C:\Program Files\MySQL\MySQL Server 8.0\bin;C:\Program Files (x86)\Common Files\Hitachi ID\;C:\Program Files\Common Files\Hitachi ID\;C:\Program Files\TortoiseGit\bin;C:\Program Files\SourceGear\Common\DiffMerge\;C:\Program Files (x86)\Riverbed\Steelhead Mobile\;C:\Program Files\1E\Client\Extensibility\NomadBranch;C:\Program Files\MySQL\MySQL Shell 8.0\bin\;C:\Users\Kaushal.Kumar1\AppData\Local\Microsoft\WindowsApps;C:\Program Files\Java\jdk1.8.0_221\bin;C:\kaushal\new_workspace10032020\apache-maven-3.6.3-bin\apache-maven-3.6.3\bin;C:\kaushal\new_workspace10032020\Git\cmd
USERNAME=Kaushal.Kumar1
OS=Windows_NT
PROCESSOR_IDENTIFIER=Intel64 Family 6 Model 142 Stepping 10, GenuineIntel



---------------  S Y S T E M  ---------------

OS: Windows 10.0 , 64 bit Build 17763 (10.0.17763.1158)

CPU:total 8 (initial active 8) (4 cores per cpu, 2 threads per core) family 6 model 142 stepping 10, cmov, cx8, fxsr, mmx, sse, sse2, sse3, ssse3, sse4.1, sse4.2, popcnt, avx, avx2, aes, clmul, erms, rtm, 3dnowpref, lzcnt, ht, tsc, tscinvbit, bmi1, bmi2, adx

Memory: 4k page, physical 8228040k(347108k free), swap 33393864k(6436k free)

vm_info: Java HotSpot(TM) 64-Bit Server VM (25.221-b11) for windows-amd64 JRE (1.8.0_221-b11), built on Jul  4 2019 04:39:29 by "java_re" with MS VC++ 10.0 (VS2010)

time: Thu Aug 13 16:09:35 2020
timezone: India Standard Time
elapsed time: 14 seconds (0d 0h 0m 14s)

