#
# There is insufficient memory for the Java Runtime Environment to continue.
# Native memory allocation (malloc) failed to allocate 1226640 bytes for Chunk::new
# Possible reasons:
#   The system is out of physical RAM or swap space
#   The process is running with CompressedOops enabled, and the Java Heap may be blocking the growth of the native heap
# Possible solutions:
#   Reduce memory load on the system
#   Increase physical memory or swap space
#   Check if swap backing store is full
#   Decrease Java heap size (-Xmx/-Xms)
#   Decrease number of Java threads
#   Decrease Java thread stack sizes (-Xss)
#   Set larger code cache with -XX:ReservedCodeCacheSize=
#   JVM is running with Unscaled Compressed Oops mode in which the Java heap is
#     placed in the first 4GB address space. The Java Heap base address is the
#     maximum limit for the native heap growth. Please use -XX:HeapBaseMinAddress
#     to set the Java Heap base and to place the Java Heap above 4GB virtual address.
# This output file may be truncated or incomplete.
#
#  Out of Memory Error (allocation.cpp:389), pid=21740, tid=0x0000000000003c34
#
# JRE version: Java(TM) SE Runtime Environment (8.0_221-b11) (build 1.8.0_221-b11)
# Java VM: Java HotSpot(TM) 64-Bit Server VM (25.221-b11 mixed mode windows-amd64 compressed oops)
# Failed to write core dump. Minidumps are not enabled by default on client versions of Windows
#

---------------  T H R E A D  ---------------

Current thread (0x0000000019dff000):  JavaThread "C2 CompilerThread1" daemon [_thread_in_native, id=15412, stack(0x000000001aaa0000,0x000000001aba0000)]

Stack: [0x000000001aaa0000,0x000000001aba0000]
[error occurred during error reporting (printing stack bounds), id 0xc0000005]

Native frames: (J=compiled Java code, j=interpreted, Vv=VM code, C=native code)


Current CompileTask:
C2:  13488 2836       4       org.springframework.beans.factory.support.AbstractBeanFactory::isTypeMatch (607 bytes)


---------------  P R O C E S S  ---------------

Java Threads: ( => current thread )
  0x000000001ff63800 JavaThread "container-0" [_thread_blocked, id=10600, stack(0x0000000021180000,0x0000000021280000)]
  0x000000001e9a6800 JavaThread "Catalina-utility-2" [_thread_blocked, id=28948, stack(0x0000000021080000,0x0000000021180000)]
  0x00000000201c0800 JavaThread "Catalina-utility-1" [_thread_blocked, id=47392, stack(0x000000001fdb0000,0x000000001feb0000)]
  0x000000001b2cc800 JavaThread "spring.cloud.inetutils" daemon [_thread_in_native, id=29628, stack(0x000000001e580000,0x000000001e680000)]
  0x0000000019ecf000 JavaThread "Service Thread" daemon [_thread_blocked, id=47688, stack(0x000000001ada0000,0x000000001aea0000)]
  0x0000000019e0e800 JavaThread "C1 CompilerThread3" daemon [_thread_blocked, id=20728, stack(0x000000001aca0000,0x000000001ada0000)]
  0x0000000019e0e000 JavaThread "C2 CompilerThread2" daemon [_thread_blocked, id=34904, stack(0x000000001aba0000,0x000000001aca0000)]
=>0x0000000019dff000 JavaThread "C2 CompilerThread1" daemon [_thread_in_native, id=15412, stack(0x000000001aaa0000,0x000000001aba0000)]
  0x0000000019e08000 JavaThread "C2 CompilerThread0" daemon [_thread_in_native, id=46904, stack(0x000000001a9a0000,0x000000001aaa0000)]
  0x0000000019deb000 JavaThread "JDWP Command Reader" daemon [_thread_in_native, id=54772, stack(0x000000001a8a0000,0x000000001a9a0000)]
  0x0000000019de8000 JavaThread "JDWP Event Helper Thread" daemon [_thread_blocked, id=44124, stack(0x000000001a7a0000,0x000000001a8a0000)]
  0x0000000019dda000 JavaThread "JDWP Transport Listener: dt_socket" daemon [_thread_blocked, id=48808, stack(0x000000001a6a0000,0x000000001a7a0000)]
  0x0000000019dcf800 JavaThread "Attach Listener" daemon [_thread_blocked, id=54768, stack(0x000000001a5a0000,0x000000001a6a0000)]
  0x0000000019dcd000 JavaThread "Signal Dispatcher" daemon [_thread_blocked, id=17908, stack(0x000000001a4a0000,0x000000001a5a0000)]
  0x0000000017fd4800 JavaThread "Finalizer" daemon [_thread_blocked, id=33876, stack(0x000000001a2a0000,0x000000001a3a0000)]
  0x0000000019dc0800 JavaThread "Reference Handler" daemon [_thread_blocked, id=42132, stack(0x000000001a1a0000,0x000000001a2a0000)]
  0x0000000002fd9000 JavaThread "main" [_thread_in_vm, id=40212, stack(0x0000000002e30000,0x0000000002f30000)]

Other Threads:
  0x0000000017fc5800 VMThread [stack: 0x0000000019ca0000,0x0000000019da0000] [id=54280]
  0x0000000019dfa800 WatcherThread [stack: 0x000000001afa0000,0x000000001b0a0000] [id=21132]

VM state:not at safepoint (normal execution)

VM Mutex/Monitor currently owned by a thread: None

heap address: 0x0000000082600000, size: 2010 MB, Compressed Oops mode: 32-bit
Narrow klass base: 0x0000000000000000, Narrow klass shift: 3
Compressed class space size: 1073741824 Address: 0x0000000100000000

Heap:
 PSYoungGen      total 37888K, used 10637K [0x00000000d6200000, 0x00000000d9080000, 0x0000000100000000)
  eden space 31232K, 13% used [0x00000000d6200000,0x00000000d6644a18,0x00000000d8080000)
  from space 6656K, 94% used [0x00000000d8100000,0x00000000d871ebd0,0x00000000d8780000)
  to   space 8192K, 0% used [0x00000000d8880000,0x00000000d8880000,0x00000000d9080000)
 ParOldGen       total 41472K, used 5759K [0x0000000082600000, 0x0000000084e80000, 0x00000000d6200000)
  object space 41472K, 13% used [0x0000000082600000,0x0000000082b9fc70,0x0000000084e80000)
 Metaspace       used 27938K, capacity 29434K, committed 29696K, reserved 1075200K
  class space    used 3522K, capacity 3807K, committed 3840K, reserved 1048576K

Card table byte_map: [0x0000000012490000,0x0000000012880000] byte_map_base: 0x000000001207d000

Marking Bits: (ParMarkBitMap*) 0x0000000062af5ce0
 Begin Bits: [0x0000000013320000, 0x0000000015288000)
 End Bits:   [0x0000000015288000, 0x00000000171f0000)

Polling page: 0x0000000002ca0000

CodeCache: size=245760Kb used=9798Kb max_used=10048Kb free=235961Kb
 bounds [0x00000000030d0000, 0x0000000003ac0000, 0x00000000120d0000]
 total_blobs=3134 nmethods=2749 adapters=305
 compilation: enabled

Compilation events (10 events):
Event: 13.460 Thread 0x0000000019e0e800 nmethod 2878 0x0000000003a75310 code [0x0000000003a75660, 0x0000000003a77138]
Event: 13.460 Thread 0x0000000019e0e800 2876       3       sun.reflect.generics.reflectiveObjects.ParameterizedTypeImpl::getRawType (5 bytes)
Event: 13.460 Thread 0x0000000019e0e800 nmethod 2876 0x0000000003207410 code [0x0000000003207560, 0x00000000032076d0]
Event: 13.461 Thread 0x0000000019e0e800 2875       3       java.lang.reflect.Field::getDeclaredAnnotations (8 bytes)
Event: 13.461 Thread 0x0000000019e0e800 nmethod 2875 0x0000000003411e90 code [0x0000000003412020, 0x00000000034124a8]
Event: 13.464 Thread 0x0000000019e0e000 nmethod 2863 0x000000000324ecd0 code [0x000000000324ef00, 0x0000000003250850]
Event: 13.464 Thread 0x0000000019e0e000 2867       4       java.lang.reflect.Modifier::isStatic (13 bytes)
Event: 13.465 Thread 0x0000000019e0e000 nmethod 2867 0x00000000032b6050 code [0x00000000032b6180, 0x00000000032b61d8]
Event: 13.465 Thread 0x0000000019e0e000 2871       4       java.util.ArrayList::<init> (12 bytes)
Event: 13.466 Thread 0x0000000019e0e000 nmethod 2871 0x0000000003220f10 code [0x0000000003221040, 0x00000000032210b8]

GC Heap History (10 events):
Event: 10.447 GC heap before
{Heap before GC invocations=4 (full 0):
 PSYoungGen      total 37888K, used 24964K [0x00000000d6200000, 0x00000000d8c00000, 0x0000000100000000)
  eden space 32768K, 60% used [0x00000000d6200000,0x00000000d7561738,0x00000000d8200000)
  from space 5120K, 99% used [0x00000000d8200000,0x00000000d86ffaa0,0x00000000d8700000)
  to   space 5120K, 0% used [0x00000000d8700000,0x00000000d8700000,0x00000000d8c00000)
 ParOldGen       total 86016K, used 4177K [0x0000000082600000, 0x0000000087a00000, 0x00000000d6200000)
  object space 86016K, 4% used [0x0000000082600000,0x0000000082a14458,0x0000000087a00000)
 Metaspace       used 20385K, capacity 21168K, committed 21248K, reserved 1067008K
  class space    used 2557K, capacity 2768K, committed 2816K, reserved 1048576K
Event: 10.453 GC heap after
Heap after GC invocations=4 (full 0):
 PSYoungGen      total 37888K, used 5101K [0x00000000d6200000, 0x00000000d8c00000, 0x0000000100000000)
  eden space 32768K, 0% used [0x00000000d6200000,0x00000000d6200000,0x00000000d8200000)
  from space 5120K, 99% used [0x00000000d8700000,0x00000000d8bfb520,0x00000000d8c00000)
  to   space 5120K, 0% used [0x00000000d8200000,0x00000000d8200000,0x00000000d8700000)
 ParOldGen       total 86016K, used 4987K [0x0000000082600000, 0x0000000087a00000, 0x00000000d6200000)
  object space 86016K, 5% used [0x0000000082600000,0x0000000082aded28,0x0000000087a00000)
 Metaspace       used 20385K, capacity 21168K, committed 21248K, reserved 1067008K
  class space    used 2557K, capacity 2768K, committed 2816K, reserved 1048576K
}
Event: 10.453 GC heap before
{Heap before GC invocations=5 (full 1):
 PSYoungGen      total 37888K, used 5101K [0x00000000d6200000, 0x00000000d8c00000, 0x0000000100000000)
  eden space 32768K, 0% used [0x00000000d6200000,0x00000000d6200000,0x00000000d8200000)
  from space 5120K, 99% used [0x00000000d8700000,0x00000000d8bfb520,0x00000000d8c00000)
  to   space 5120K, 0% used [0x00000000d8200000,0x00000000d8200000,0x00000000d8700000)
 ParOldGen       total 86016K, used 4987K [0x0000000082600000, 0x0000000087a00000, 0x00000000d6200000)
  object space 86016K, 5% used [0x0000000082600000,0x0000000082aded28,0x0000000087a00000)
 Metaspace       used 20385K, capacity 21168K, committed 21248K, reserved 1067008K
  class space    used 2557K, capacity 2768K, committed 2816K, reserved 1048576K
Event: 10.482 GC heap after
Heap after GC invocations=5 (full 1):
 PSYoungGen      total 37888K, used 0K [0x00000000d6200000, 0x00000000d8c00000, 0x0000000100000000)
  eden space 32768K, 0% used [0x00000000d6200000,0x00000000d6200000,0x00000000d8200000)
  from space 5120K, 0% used [0x00000000d8700000,0x00000000d8700000,0x00000000d8c00000)
  to   space 5120K, 0% used [0x00000000d8200000,0x00000000d8200000,0x00000000d8700000)
 ParOldGen       total 41472K, used 5743K [0x0000000082600000, 0x0000000084e80000, 0x00000000d6200000)
  object space 41472K, 13% used [0x0000000082600000,0x0000000082b9bc70,0x0000000084e80000)
 Metaspace       used 20385K, capacity 21168K, committed 21248K, reserved 1067008K
  class space    used 2557K, capacity 2768K, committed 2816K, reserved 1048576K
}
Event: 11.023 GC heap before
{Heap before GC invocations=6 (full 1):
 PSYoungGen      total 37888K, used 32768K [0x00000000d6200000, 0x00000000d8c00000, 0x0000000100000000)
  eden space 32768K, 100% used [0x00000000d6200000,0x00000000d8200000,0x00000000d8200000)
  from space 5120K, 0% used [0x00000000d8700000,0x00000000d8700000,0x00000000d8c00000)
  to   space 5120K, 0% used [0x00000000d8200000,0x00000000d8200000,0x00000000d8700000)
 ParOldGen       total 41472K, used 5743K [0x0000000082600000, 0x0000000084e80000, 0x00000000d6200000)
  object space 41472K, 13% used [0x0000000082600000,0x0000000082b9bc70,0x0000000084e80000)
 Metaspace       used 21639K, capacity 22590K, committed 22656K, reserved 1069056K
  class space    used 2716K, capacity 2929K, committed 2944K, reserved 1048576K
Event: 11.026 GC heap after
Heap after GC invocations=6 (full 1):
 PSYoungGen      total 37376K, used 3185K [0x00000000d6200000, 0x00000000d9280000, 0x0000000100000000)
  eden space 32256K, 0% used [0x00000000d6200000,0x00000000d6200000,0x00000000d8180000)
  from space 5120K, 62% used [0x00000000d8200000,0x00000000d851c7e8,0x00000000d8700000)
  to   space 8704K, 0% used [0x00000000d8a00000,0x00000000d8a00000,0x00000000d9280000)
 ParOldGen       total 41472K, used 5751K [0x0000000082600000, 0x0000000084e80000, 0x00000000d6200000)
  object space 41472K, 13% used [0x0000000082600000,0x0000000082b9dc70,0x0000000084e80000)
 Metaspace       used 21639K, capacity 22590K, committed 22656K, reserved 1069056K
  class space    used 2716K, capacity 2929K, committed 2944K, reserved 1048576K
}
Event: 12.687 GC heap before
{Heap before GC invocations=7 (full 1):
 PSYoungGen      total 37376K, used 35441K [0x00000000d6200000, 0x00000000d9280000, 0x0000000100000000)
  eden space 32256K, 100% used [0x00000000d6200000,0x00000000d8180000,0x00000000d8180000)
  from space 5120K, 62% used [0x00000000d8200000,0x00000000d851c7e8,0x00000000d8700000)
  to   space 8704K, 0% used [0x00000000d8a00000,0x00000000d8a00000,0x00000000d9280000)
 ParOldGen       total 41472K, used 5751K [0x0000000082600000, 0x0000000084e80000, 0x00000000d6200000)
  object space 41472K, 13% used [0x0000000082600000,0x0000000082b9dc70,0x0000000084e80000)
 Metaspace       used 25243K, capacity 26624K, committed 26880K, reserved 1073152K
  class space    used 3218K, capacity 3476K, committed 3584K, reserved 1048576K
Event: 12.694 GC heap after
Heap after GC invocations=7 (full 1):
 PSYoungGen      total 39936K, used 6088K [0x00000000d6200000, 0x00000000d9200000, 0x0000000100000000)
  eden space 31744K, 0% used [0x00000000d6200000,0x00000000d6200000,0x00000000d8100000)
  from space 8192K, 74% used [0x00000000d8a00000,0x00000000d8ff2210,0x00000000d9200000)
  to   space 8704K, 0% used [0x00000000d8100000,0x00000000d8100000,0x00000000d8980000)
 ParOldGen       total 41472K, used 5759K [0x0000000082600000, 0x0000000084e80000, 0x00000000d6200000)
  object space 41472K, 13% used [0x0000000082600000,0x0000000082b9fc70,0x0000000084e80000)
 Metaspace       used 25243K, capacity 26624K, committed 26880K, reserved 1073152K
  class space    used 3218K, capacity 3476K, committed 3584K, reserved 1048576K
}
Event: 13.346 GC heap before
{Heap before GC invocations=8 (full 1):
 PSYoungGen      total 39936K, used 37832K [0x00000000d6200000, 0x00000000d9200000, 0x0000000100000000)
  eden space 31744K, 100% used [0x00000000d6200000,0x00000000d8100000,0x00000000d8100000)
  from space 8192K, 74% used [0x00000000d8a00000,0x00000000d8ff2210,0x00000000d9200000)
  to   space 8704K, 0% used [0x00000000d8100000,0x00000000d8100000,0x00000000d8980000)
 ParOldGen       total 41472K, used 5759K [0x0000000082600000, 0x0000000084e80000, 0x00000000d6200000)
  object space 41472K, 13% used [0x0000000082600000,0x0000000082b9fc70,0x0000000084e80000)
 Metaspace       used 27560K, capacity 29038K, committed 29440K, reserved 1075200K
  class space    used 3469K, capacity 3741K, committed 3840K, reserved 1048576K
Event: 13.353 GC heap after
Heap after GC invocations=8 (full 1):
 PSYoungGen      total 37888K, used 6266K [0x00000000d6200000, 0x00000000d9080000, 0x0000000100000000)
  eden space 31232K, 0% used [0x00000000d6200000,0x00000000d6200000,0x00000000d8080000)
  from space 6656K, 94% used [0x00000000d8100000,0x00000000d871ebd0,0x00000000d8780000)
  to   space 8192K, 0% used [0x00000000d8880000,0x00000000d8880000,0x00000000d9080000)
 ParOldGen       total 41472K, used 5759K [0x0000000082600000, 0x0000000084e80000, 0x00000000d6200000)
  object space 41472K, 13% used [0x0000000082600000,0x0000000082b9fc70,0x0000000084e80000)
 Metaspace       used 27560K, capacity 29038K, committed 29440K, reserved 1075200K
  class space    used 3469K, capacity 3741K, committed 3840K, reserved 1048576K
}

Deoptimization events (10 events):
Event: 12.922 Thread 0x0000000002fd9000 Uncommon trap: reason=null_check action=make_not_entrant pc=0x00000000039c74c4 method=java.net.URL.getURLStreamHandler(Ljava/lang/String;)Ljava/net/URLStreamHandler; @ 7
Event: 12.926 Thread 0x0000000002fd9000 Uncommon trap: reason=class_check action=maybe_recompile pc=0x000000000378ef64 method=java.util.zip.InflaterInputStream.read([BII)I @ 100
Event: 12.926 Thread 0x0000000002fd9000 Uncommon trap: reason=class_check action=maybe_recompile pc=0x000000000378ef64 method=java.util.zip.InflaterInputStream.read([BII)I @ 100
Event: 12.932 Thread 0x0000000002fd9000 Uncommon trap: reason=class_check action=maybe_recompile pc=0x000000000378ef64 method=java.util.zip.InflaterInputStream.read([BII)I @ 100
Event: 12.934 Thread 0x0000000002fd9000 Uncommon trap: reason=class_check action=maybe_recompile pc=0x000000000378ef64 method=java.util.zip.InflaterInputStream.read([BII)I @ 100
Event: 12.976 Thread 0x0000000002fd9000 Uncommon trap: reason=unstable_if action=reinterpret pc=0x0000000003a0fe18 method=java.util.jar.Attributes$Name.isDigit(C)Z @ 3
Event: 13.073 Thread 0x0000000002fd9000 Uncommon trap: reason=unstable_if action=reinterpret pc=0x0000000003a333a0 method=java.lang.StringCoding.decode(Ljava/lang/String;[BII)[C @ 38
Event: 13.449 Thread 0x0000000002fd9000 Uncommon trap: reason=null_check action=make_not_entrant pc=0x000000000389e184 method=org.springframework.beans.factory.support.DefaultSingletonBeanRegistry.getSingleton(Ljava/lang/String;Z)Ljava/lang/Object; @ 60
Event: 13.453 Thread 0x0000000002fd9000 Uncommon trap: reason=unstable_if action=reinterpret pc=0x0000000003a5ce44 method=java.lang.StringCoding.decode(Ljava/lang/String;[BII)[C @ 38
Event: 13.453 Thread 0x0000000002fd9000 Uncommon trap: reason=unstable_if action=reinterpret pc=0x0000000003a30460 method=java.lang.StringCoding.decode(Ljava/lang/String;[BII)[C @ 38

Classes redefined (0 events):
No events

Internal exceptions (10 events):
Event: 10.596 Thread 0x0000000002fd9000 Exception <a 'java/lang/IncompatibleClassChangeError': Found class java.lang.Object, but interface was expected> (0x00000000d6a6bd78) thrown at [C:\re\workspace\8-2-build-windows-amd64-cygwin\jdk8u221\13320\hotspot\src\share\vm\interpreter\linkResolver.cp
Event: 11.566 Thread 0x0000000002fd9000 Implicit null exception at 0x000000000388d4ab to 0x000000000388d727
Event: 11.621 Thread 0x0000000002fd9000 Exception <a 'java/lang/IncompatibleClassChangeError': Found class java.lang.Object, but interface was expected> (0x00000000d7af8b20) thrown at [C:\re\workspace\8-2-build-windows-amd64-cygwin\jdk8u221\13320\hotspot\src\share\vm\interpreter\linkResolver.cp
Event: 11.630 Thread 0x0000000002fd9000 Exception <a 'java/lang/NoSuchMethodError': java.lang.Object.lambda$and$0(Ljava/util/function/Predicate;Ljava/lang/Object;)Z> (0x00000000d7b3cbc0) thrown at [C:\re\workspace\8-2-build-windows-amd64-cygwin\jdk8u221\13320\hotspot\src\share\vm\interpreter\li
Event: 12.608 Thread 0x0000000002fd9000 Exception <a 'sun/nio/fs/WindowsException'> (0x00000000d7fe2388) thrown at [C:\re\workspace\8-2-build-windows-amd64-cygwin\jdk8u221\13320\hotspot\src\share\vm\prims\jni.cpp, line 710]
Event: 12.922 Thread 0x0000000002fd9000 Implicit null exception at 0x00000000039c4c1f to 0x00000000039c74a5
Event: 13.127 Thread 0x0000000002fd9000 Exception <a 'java/io/FileNotFoundException'> (0x00000000d7b95d10) thrown at [C:\re\workspace\8-2-build-windows-amd64-cygwin\jdk8u221\13320\hotspot\src\share\vm\prims\jni.cpp, line 710]
Event: 13.130 Thread 0x0000000002fd9000 Exception <a 'java/io/FileNotFoundException'> (0x00000000d7b96c90) thrown at [C:\re\workspace\8-2-build-windows-amd64-cygwin\jdk8u221\13320\hotspot\src\share\vm\prims\jni.cpp, line 710]
Event: 13.309 Thread 0x0000000002fd9000 Exception <a 'java/io/FileNotFoundException'> (0x00000000d7fb65e0) thrown at [C:\re\workspace\8-2-build-windows-amd64-cygwin\jdk8u221\13320\hotspot\src\share\vm\prims\jni.cpp, line 710]
Event: 13.448 Thread 0x0000000002fd9000 Implicit null exception at 0x000000000389d87b to 0x000000000389e179

Events (10 events):
Event: 13.475 loading class org/apache/commons/configuration/event/ConfigurationErrorListener
Event: 13.475 loading class org/apache/commons/configuration/event/ConfigurationErrorListener done
Event: 13.477 loading class com/netflix/config/DeploymentContext$ContextKey
Event: 13.477 loading class com/netflix/config/DeploymentContext$ContextKey done
Event: 13.478 loading class com/netflix/config/validation/ValidationException
Event: 13.478 loading class com/netflix/config/validation/ValidationException done
Event: 13.480 loading class com/netflix/config/ConcurrentCompositeConfiguration$1
Event: 13.480 loading class com/netflix/config/ConcurrentCompositeConfiguration$1 done
Event: 13.481 loading class com/netflix/config/AbstractPollingScheduler
Event: 13.481 loading class com/netflix/config/AbstractPollingScheduler done


Dynamic libraries:
0x00007ff6eda60000 - 0x00007ff6eda97000 	C:\Program Files\Java\jdk1.8.0_221\bin\java.exe
0x00007ffa89be0000 - 0x00007ffa89dcd000 	C:\WINDOWS\SYSTEM32\ntdll.dll
0x00007ffa639b0000 - 0x00007ffa63a21000 	C:\WINDOWS\System32\verifier.dll
0x00007ffa442b0000 - 0x00007ffa443a4000 	C:\WINDOWS\SYSTEM32\PayloadRestrictions.dll
0x00007ffa86680000 - 0x00007ffa8677a000 	C:\WINDOWS\System32\ucrtbase.dll
0x00007ffa86a60000 - 0x00007ffa86cf5000 	C:\WINDOWS\System32\kernelbase.dll
0x00007ffa89af0000 - 0x00007ffa89ba3000 	C:\WINDOWS\System32\kernel32.dll
0x0000000066220000 - 0x00000000662b3000 	C:\WINDOWS\System32\SYSFER.DLL
0x00007ffa89870000 - 0x00007ffa89913000 	C:\WINDOWS\System32\ADVAPI32.dll
0x00007ffa878e0000 - 0x00007ffa8797e000 	C:\WINDOWS\System32\msvcrt.dll
0x00007ffa892c0000 - 0x00007ffa8935e000 	C:\WINDOWS\System32\sechost.dll
0x00007ffa87400000 - 0x00007ffa87522000 	C:\WINDOWS\System32\RPCRT4.dll
0x00007ffa89950000 - 0x00007ffa89ae7000 	C:\WINDOWS\System32\USER32.dll
0x00007ffa85f10000 - 0x00007ffa85f30000 	C:\WINDOWS\System32\win32u.dll
0x00007ffa87980000 - 0x00007ffa879a9000 	C:\WINDOWS\System32\GDI32.dll
0x00007ffa85d50000 - 0x00007ffa85eea000 	C:\WINDOWS\System32\gdi32full.dll
0x00007ffa86d60000 - 0x00007ffa86e00000 	C:\WINDOWS\System32\msvcp_win.dll
0x00007ffa6fbf0000 - 0x00007ffa6fe69000 	C:\WINDOWS\WinSxS\amd64_microsoft.windows.common-controls_6595b64144ccf1df_6.0.17763.1282_none_de75b6f253473c0f\COMCTL32.dll
0x00007ffa870d0000 - 0x00007ffa873fc000 	C:\WINDOWS\System32\combase.dll
0x00007ffa85ca0000 - 0x00007ffa85d1e000 	C:\WINDOWS\System32\bcryptPrimitives.dll
0x00007ffa89920000 - 0x00007ffa8994e000 	C:\WINDOWS\System32\IMM32.DLL
0x00007ffa848d0000 - 0x00007ffa849f1000 	C:\Program Files\Avecto\Privilege Guard Client\PGHook.dll
0x00007ffa87c00000 - 0x00007ffa890f8000 	C:\WINDOWS\System32\shell32.dll
0x00007ffa86830000 - 0x00007ffa8687a000 	C:\WINDOWS\System32\cfgmgr32.dll
0x00007ffa879b0000 - 0x00007ffa87a58000 	C:\WINDOWS\System32\shcore.dll
0x00007ffa85f30000 - 0x00007ffa8667f000 	C:\WINDOWS\System32\windows.storage.dll
0x00007ffa85c70000 - 0x00007ffa85c94000 	C:\WINDOWS\System32\profapi.dll
0x00007ffa85c10000 - 0x00007ffa85c6d000 	C:\WINDOWS\System32\powrprof.dll
0x00007ffa89200000 - 0x00007ffa89252000 	C:\WINDOWS\System32\shlwapi.dll
0x00007ffa85bd0000 - 0x00007ffa85be1000 	C:\WINDOWS\System32\kernel.appcore.dll
0x00007ffa85ef0000 - 0x00007ffa85f07000 	C:\WINDOWS\System32\cryptsp.dll
0x00007ffa84d10000 - 0x00007ffa84d43000 	C:\WINDOWS\system32\rsaenh.dll
0x00007ffa85d20000 - 0x00007ffa85d46000 	C:\WINDOWS\System32\bcrypt.dll
0x00007ffa85560000 - 0x00007ffa8556c000 	C:\WINDOWS\SYSTEM32\CRYPTBASE.dll
0x00000000644c0000 - 0x0000000064592000 	C:\Program Files\Java\jdk1.8.0_221\jre\bin\msvcr100.dll
0x00000000622d0000 - 0x0000000062b75000 	C:\Program Files\Java\jdk1.8.0_221\jre\bin\server\jvm.dll
0x00007ffa897e0000 - 0x00007ffa897e8000 	C:\WINDOWS\System32\PSAPI.DLL
0x00007ffa72410000 - 0x00007ffa72419000 	C:\WINDOWS\SYSTEM32\WSOCK32.dll
0x00007ffa87a60000 - 0x00007ffa87acd000 	C:\WINDOWS\System32\WS2_32.dll
0x00007ffa7bc80000 - 0x00007ffa7bca4000 	C:\WINDOWS\SYSTEM32\WINMM.dll
0x00007ffa72400000 - 0x00007ffa7240a000 	C:\WINDOWS\SYSTEM32\VERSION.dll
0x00007ffa7bc50000 - 0x00007ffa7bc7d000 	C:\WINDOWS\SYSTEM32\WINMMBASE.dll
0x00007ffa750f0000 - 0x00007ffa750ff000 	C:\Program Files\Java\jdk1.8.0_221\jre\bin\verify.dll
0x00007ffa6f940000 - 0x00007ffa6f969000 	C:\Program Files\Java\jdk1.8.0_221\jre\bin\java.dll
0x00007ffa56d70000 - 0x00007ffa56da5000 	C:\Program Files\Java\jdk1.8.0_221\jre\bin\jdwp.dll
0x00007ffa7bd50000 - 0x00007ffa7bd58000 	C:\Program Files\Java\jdk1.8.0_221\jre\bin\npt.dll
0x00007ffa6f8f0000 - 0x00007ffa6f906000 	C:\Program Files\Java\jdk1.8.0_221\jre\bin\zip.dll
0x00007ffa7bd40000 - 0x00007ffa7bd49000 	C:\Program Files\Java\jdk1.8.0_221\jre\bin\dt_socket.dll
0x00007ffa853e0000 - 0x00007ffa85447000 	C:\WINDOWS\system32\mswsock.dll
0x00007ffa6d080000 - 0x00007ffa6d09a000 	C:\Program Files\Java\jdk1.8.0_221\jre\bin\net.dll
0x00007ffa72040000 - 0x00007ffa72217000 	C:\WINDOWS\SYSTEM32\urlmon.dll
0x00007ffa72820000 - 0x00007ffa72ac8000 	C:\WINDOWS\SYSTEM32\iertutil.dll
0x00007ffa6eca0000 - 0x00007ffa6ecb6000 	C:\WINDOWS\system32\napinsp.dll
0x00007ffa6ec80000 - 0x00007ffa6ec9a000 	C:\WINDOWS\system32\pnrpnsp.dll
0x00007ffa85160000 - 0x00007ffa85227000 	C:\WINDOWS\SYSTEM32\DNSAPI.dll
0x00007ffa891f0000 - 0x00007ffa891f8000 	C:\WINDOWS\System32\NSI.dll
0x00007ffa85110000 - 0x00007ffa8514d000 	C:\WINDOWS\SYSTEM32\IPHLPAPI.DLL
0x00007ffa6f030000 - 0x00007ffa6f03e000 	C:\WINDOWS\System32\winrnr.dll
0x00007ffa7ea30000 - 0x00007ffa7ea4b000 	C:\WINDOWS\system32\NLAapi.dll
0x00007ffa77620000 - 0x00007ffa77635000 	C:\WINDOWS\system32\wshbth.dll
0x00007ffa70080000 - 0x00007ffa7008a000 	C:\Windows\System32\rasadhlp.dll
0x00007ffa7b3a0000 - 0x00007ffa7b419000 	C:\WINDOWS\System32\fwpuclnt.dll
0x00007ffa741d0000 - 0x00007ffa741dd000 	C:\Program Files\Java\jdk1.8.0_221\jre\bin\management.dll
0x00007ffa776a0000 - 0x00007ffa776b6000 	C:\WINDOWS\SYSTEM32\dhcpcsvc6.DLL
0x00007ffa77ec0000 - 0x00007ffa77edc000 	C:\WINDOWS\SYSTEM32\dhcpcsvc.DLL
0x00007ffa638d0000 - 0x00007ffa638e2000 	C:\Program Files\Java\jdk1.8.0_221\jre\bin\nio.dll
0x00007ffa85b00000 - 0x00007ffa85b28000 	C:\WINDOWS\SYSTEM32\USERENV.dll

VM Arguments:
jvm_args: -agentlib:jdwp=transport=dt_socket,server=n,suspend=y,address=57409 -Dfile.encoding=windows-1252 -Duser.country=IN -Duser.language=en -Duser.variant 
java_command: com.always.learner.DocPortal.DocPortalApplication
java_class_path (initial): C:\GIT_REPO\DocPortal\build\classes\java\main;C:\GIT_REPO\DocPortal\build\resources\main;C:\Users\Kaushal.Kumar1\.gradle\caches\modules-2\files-2.1\org.springframework.boot\spring-boot-starter-web\2.3.2.RELEASE\85f79121fdaabcbcac085d0d4aad34af9f8dbba2\spring-boot-starter-web-2.3.2.RELEASE.jar;C:\Users\Kaushal.Kumar1\.gradle\caches\modules-2\files-2.1\org.springframework.cloud\spring-cloud-starter-netflix-ribbon\2.2.4.RELEASE\b0875662402350aaa7115181d27bd06b287f582d\spring-cloud-starter-netflix-ribbon-2.2.4.RELEASE.jar;C:\Users\Kaushal.Kumar1\.gradle\caches\modules-2\files-2.1\org.springframework.boot\spring-boot-starter-json\2.3.2.RELEASE\42cc2348195b528f6b64861705ed475dbcc8f7c6\spring-boot-starter-json-2.3.2.RELEASE.jar;C:\Users\Kaushal.Kumar1\.gradle\caches\modules-2\files-2.1\org.springframework.cloud\spring-cloud-starter-netflix-archaius\2.2.4.RELEASE\3c4cfd0480d92d99f03dfc24bf6b906f37e351ef\spring-cloud-starter-netflix-archaius-2.2.4.RELEASE.jar;C:\Users\Kaushal.Kumar1\.gradle\caches\modules-2\files-2.1\org.springframework.cloud\spring-cloud-starter\2.2.4.RELEASE\144badd35554f36ff3add87a949373007bf8241f\spring-cloud-starter-2.2.4.RELEASE.jar;C:\Users\Kaushal.Kumar1\.gradle\caches\modules-2\files-2.1\org.springframework.boot\spring-boot-starter\2.3.2.RELEASE\7e6ad3ceb842332ce8cdb209dd74bf90027bfd7a\spring-boot-starter-2.3.2.RELEASE.jar;C:\Users\Kaushal.Kumar1\.gradle\caches\modules-2\files-2.1\org.springframework.boot\spring-boot-starter-tomcat\2.3.2.RELEASE\d3c560bfa7835bcaa334b07bcb5410e4347df4a1\spring-boot-starter-tomcat-2.3.2.RELEASE.jar;C:\Users\Kaushal.Kumar1\.gradle\caches\modules-2\files-2.1\org.springframework\spring-webmvc\5.2.8.RELEASE\9cccf8354a7e031e217681db33f14339200dffcf\spring-webmvc-5.2.8.RELEASE.jar;C:\Users\Kaushal.Kumar1\.gradle\caches\modules-2\files-2.1\org.springframework\spring-web\5.2.8.RELEASE\4f9542d61fff7beb6050e8028dfb6b7c6844c99a\spring-web-5.2.8.RELEASE.jar;C:\Users\Kaushal.Kumar1\.gradle\caches\modul
Launcher Type: SUN_STANDARD

Environment Variables:
JAVA_HOME=C:\Program Files\Java\jdk1.8.0_221
PATH=C:\WINDOWS\system32;C:\WINDOWS;C:\WINDOWS\System32\Wbem;C:\WINDOWS\System32\WindowsPowerShell\v1.0\;C:\WINDOWS\System32\OpenSSH\;C:\TA\apache-ant-1.8.2\apache-ant-1.8.2\bin;C:\Program Files\Microsoft SQL Server\Client SDK\ODBC\130\Tools\Binn\;C:\Program Files (x86)\Microsoft SQL Server\140\Tools\Binn\;C:\Program Files\Microsoft SQL Server\140\Tools\Binn\;C:\Program Files\Microsoft SQL Server\140\DTS\Binn\;C:\Program Files\Microsoft SQL Server\Client SDK\ODBC\110\Tools\Binn\;C:\Program Files (x86)\Microsoft SQL Server\120\Tools\Binn\;C:\Program Files\Microsoft SQL Server\120\Tools\Binn\;C:\Program Files\Microsoft SQL Server\120\DTS\Binn\;C:\Program Files (x86)\Microsoft SQL Server\120\Tools\Binn\ManagementStudio\;C:\Program Files (x86)\Microsoft SQL Server\120\DTS\Binn\;C:\Program Files\TortoiseSVN\bin;C:\Program Files\Java\jdk1.8.0_221\bin;%M2%;C:\Program Files\MySQL\MySQL Server 8.0\bin;C:\Program Files (x86)\Common Files\Hitachi ID\;C:\Program Files\Common Files\Hitachi ID\;C:\Program Files\TortoiseGit\bin;C:\Program Files\SourceGear\Common\DiffMerge\;C:\Program Files (x86)\Riverbed\Steelhead Mobile\;C:\Program Files\1E\Client\Extensibility\NomadBranch;C:\Program Files\MySQL\MySQL Shell 8.0\bin\;C:\Users\Kaushal.Kumar1\AppData\Local\Microsoft\WindowsApps;C:\Program Files\Java\jdk1.8.0_221\bin;C:\kaushal\new_workspace10032020\apache-maven-3.6.3-bin\apache-maven-3.6.3\bin;C:\kaushal\new_workspace10032020\Git\cmd
USERNAME=Kaushal.Kumar1
OS=Windows_NT
PROCESSOR_IDENTIFIER=Intel64 Family 6 Model 142 Stepping 10, GenuineIntel



---------------  S Y S T E M  ---------------

OS: Windows 10.0 , 64 bit Build 17763 (10.0.17763.1158)

CPU:total 8 (initial active 8) (4 cores per cpu, 2 threads per core) family 6 model 142 stepping 10, cmov, cx8, fxsr, mmx, sse, sse2, sse3, ssse3, sse4.1, sse4.2, popcnt, avx, avx2, aes, clmul, erms, rtm, 3dnowpref, lzcnt, ht, tsc, tscinvbit, bmi1, bmi2, adx

Memory: 4k page, physical 8228040k(309884k free), swap 33393864k(6924k free)

vm_info: Java HotSpot(TM) 64-Bit Server VM (25.221-b11) for windows-amd64 JRE (1.8.0_221-b11), built on Jul  4 2019 04:39:29 by "java_re" with MS VC++ 10.0 (VS2010)

time: Thu Aug 13 16:04:20 2020
timezone: India Standard Time
elapsed time: 13 seconds (0d 0h 0m 13s)

