#
# There is insufficient memory for the Java Runtime Environment to continue.
# Native memory allocation (malloc) failed to allocate 2195536 bytes for Chunk::new
# Possible reasons:
#   The system is out of physical RAM or swap space
#   The process is running with CompressedOops enabled, and the Java Heap may be blocking the growth of the native heap
# Possible solutions:
#   Reduce memory load on the system
#   Increase physical memory or swap space
#   Check if swap backing store is full
#   Decrease Java heap size (-Xmx/-Xms)
#   Decrease number of Java threads
#   Decrease Java thread stack sizes (-Xss)
#   Set larger code cache with -XX:ReservedCodeCacheSize=
#   JVM is running with Unscaled Compressed Oops mode in which the Java heap is
#     placed in the first 4GB address space. The Java Heap base address is the
#     maximum limit for the native heap growth. Please use -XX:HeapBaseMinAddress
#     to set the Java Heap base and to place the Java Heap above 4GB virtual address.
# This output file may be truncated or incomplete.
#
#  Out of Memory Error (allocation.cpp:389), pid=53676, tid=0x0000000000008d24
#
# JRE version: Java(TM) SE Runtime Environment (8.0_221-b11) (build 1.8.0_221-b11)
# Java VM: Java HotSpot(TM) 64-Bit Server VM (25.221-b11 mixed mode windows-amd64 compressed oops)
# Failed to write core dump. Minidumps are not enabled by default on client versions of Windows
#

---------------  T H R E A D  ---------------

Current thread (0x0000000019936800):  JavaThread "C2 CompilerThread0" daemon [_thread_in_native, id=36132, stack(0x000000001a200000,0x000000001a300000)]

Stack: [0x000000001a200000,0x000000001a300000]
[error occurred during error reporting (printing stack bounds), id 0xc0000005]

Native frames: (J=compiled Java code, j=interpreted, Vv=VM code, C=native code)


Current CompileTask:
C2:   5550 2283       4       java.net.URLClassLoader$1::run (5 bytes)


---------------  P R O C E S S  ---------------

Java Threads: ( => current thread )
  0x0000000017b4e800 JavaThread "Service Thread" daemon [_thread_blocked, id=14432, stack(0x000000001a600000,0x000000001a700000)]
  0x0000000019949000 JavaThread "C1 CompilerThread3" daemon [_thread_blocked, id=43452, stack(0x000000001a500000,0x000000001a600000)]
  0x0000000017b4c000 JavaThread "C2 CompilerThread2" daemon [_thread_in_native, id=54524, stack(0x000000001a400000,0x000000001a500000)]
  0x000000001993c000 JavaThread "C2 CompilerThread1" daemon [_thread_in_native, id=55028, stack(0x000000001a300000,0x000000001a400000)]
=>0x0000000019936800 JavaThread "C2 CompilerThread0" daemon [_thread_in_native, id=36132, stack(0x000000001a200000,0x000000001a300000)]
  0x0000000019932800 JavaThread "Attach Listener" daemon [_thread_blocked, id=57168, stack(0x000000001a100000,0x000000001a200000)]
  0x0000000019931000 JavaThread "Signal Dispatcher" daemon [_thread_blocked, id=51748, stack(0x000000001a000000,0x000000001a100000)]
  0x0000000019920800 JavaThread "Finalizer" daemon [_thread_blocked, id=55208, stack(0x0000000019e00000,0x0000000019f00000)]
  0x0000000002b49800 JavaThread "Reference Handler" daemon [_thread_blocked, id=13432, stack(0x0000000019d00000,0x0000000019e00000)]
  0x0000000002a54800 JavaThread "main" [_thread_in_native, id=54508, stack(0x0000000002930000,0x0000000002a30000)]

Other Threads:
  0x0000000017b39000 VMThread [stack: 0x0000000019800000,0x0000000019900000] [id=54968]
  0x00000000199ff800 WatcherThread [stack: 0x000000001a800000,0x000000001a900000] [id=19768]

VM state:not at safepoint (normal execution)

VM Mutex/Monitor currently owned by a thread: None

heap address: 0x0000000082600000, size: 2010 MB, Compressed Oops mode: 32-bit
Narrow klass base: 0x0000000000000000, Narrow klass shift: 3
Compressed class space size: 1073741824 Address: 0x0000000100000000

Heap:
 PSYoungGen      total 70656K, used 38963K [0x00000000d6200000, 0x00000000dac00000, 0x0000000100000000)
  eden space 65536K, 59% used [0x00000000d6200000,0x00000000d880ced8,0x00000000da200000)
  from space 5120K, 0% used [0x00000000da700000,0x00000000da700000,0x00000000dac00000)
  to   space 5120K, 0% used [0x00000000da200000,0x00000000da200000,0x00000000da700000)
 ParOldGen       total 56832K, used 5381K [0x0000000082600000, 0x0000000085d80000, 0x00000000d6200000)
  object space 56832K, 9% used [0x0000000082600000,0x0000000082b41468,0x0000000085d80000)
 Metaspace       used 25552K, capacity 26932K, committed 27136K, reserved 1073152K
  class space    used 3231K, capacity 3520K, committed 3584K, reserved 1048576K

Card table byte_map: [0x0000000012000000,0x00000000123f0000] byte_map_base: 0x0000000011bed000

Marking Bits: (ParMarkBitMap*) 0x0000000062af5ce0
 Begin Bits: [0x0000000012e90000, 0x0000000014df8000)
 End Bits:   [0x0000000014df8000, 0x0000000016d60000)

Polling page: 0x0000000000db0000

CodeCache: size=245760Kb used=7812Kb max_used=7812Kb free=237947Kb
 bounds [0x0000000002c40000, 0x00000000033f0000, 0x0000000011c40000]
 total_blobs=2763 nmethods=2373 adapters=302
 compilation: enabled

Compilation events (10 events):
Event: 5.511 Thread 0x0000000019949000 nmethod 2368 0x00000000033dc090 code [0x00000000033dc200, 0x00000000033dc428]
Event: 5.511 Thread 0x0000000019949000 2369       3       sun.nio.cs.UTF_8$Encoder::encodeLoop (28 bytes)
Event: 5.511 Thread 0x0000000019949000 nmethod 2369 0x00000000033dc4d0 code [0x00000000033dc660, 0x00000000033dcb98]
Event: 5.513 Thread 0x000000001993c000 2373   !   4       java.net.URL::<init> (543 bytes)
Event: 5.530 Thread 0x0000000019949000 2374       3       java.net.URLClassLoader::definePackage (272 bytes)
Event: 5.534 Thread 0x0000000019949000 nmethod 2374 0x00000000033dcd10 code [0x00000000033dd1a0, 0x00000000033e0058]
Event: 5.534 Thread 0x0000000019949000 2375   !   3       java.lang.ClassLoader::definePackage (77 bytes)
Event: 5.535 Thread 0x0000000019949000 nmethod 2375 0x00000000033e1cd0 code [0x00000000033e1e80, 0x00000000033e2518]
Event: 5.537 Thread 0x0000000019949000 2376       3       java.io.WinNTFileSystem::resolve (231 bytes)
Event: 5.539 Thread 0x0000000019949000 nmethod 2376 0x00000000033e2b10 code [0x00000000033e2de0, 0x00000000033e4668]

GC Heap History (10 events):
Event: 1.795 GC heap before
{Heap before GC invocations=1 (full 0):
 PSYoungGen      total 37888K, used 32768K [0x00000000d6200000, 0x00000000d8c00000, 0x0000000100000000)
  eden space 32768K, 100% used [0x00000000d6200000,0x00000000d8200000,0x00000000d8200000)
  from space 5120K, 0% used [0x00000000d8700000,0x00000000d8700000,0x00000000d8c00000)
  to   space 5120K, 0% used [0x00000000d8200000,0x00000000d8200000,0x00000000d8700000)
 ParOldGen       total 86016K, used 0K [0x0000000082600000, 0x0000000087a00000, 0x00000000d6200000)
  object space 86016K, 0% used [0x0000000082600000,0x0000000082600000,0x0000000087a00000)
 Metaspace       used 11161K, capacity 11468K, committed 11648K, reserved 1058816K
  class space    used 1297K, capacity 1390K, committed 1408K, reserved 1048576K
Event: 1.806 GC heap after
Heap after GC invocations=1 (full 0):
 PSYoungGen      total 37888K, used 5093K [0x00000000d6200000, 0x00000000d8c00000, 0x0000000100000000)
  eden space 32768K, 0% used [0x00000000d6200000,0x00000000d6200000,0x00000000d8200000)
  from space 5120K, 99% used [0x00000000d8200000,0x00000000d86f9738,0x00000000d8700000)
  to   space 5120K, 0% used [0x00000000d8700000,0x00000000d8700000,0x00000000d8c00000)
 ParOldGen       total 86016K, used 889K [0x0000000082600000, 0x0000000087a00000, 0x00000000d6200000)
  object space 86016K, 1% used [0x0000000082600000,0x00000000826de540,0x0000000087a00000)
 Metaspace       used 11161K, capacity 11468K, committed 11648K, reserved 1058816K
  class space    used 1297K, capacity 1390K, committed 1408K, reserved 1048576K
}
Event: 2.225 GC heap before
{Heap before GC invocations=2 (full 0):
 PSYoungGen      total 37888K, used 37861K [0x00000000d6200000, 0x00000000d8c00000, 0x0000000100000000)
  eden space 32768K, 100% used [0x00000000d6200000,0x00000000d8200000,0x00000000d8200000)
  from space 5120K, 99% used [0x00000000d8200000,0x00000000d86f9738,0x00000000d8700000)
  to   space 5120K, 0% used [0x00000000d8700000,0x00000000d8700000,0x00000000d8c00000)
 ParOldGen       total 86016K, used 889K [0x0000000082600000, 0x0000000087a00000, 0x00000000d6200000)
  object space 86016K, 1% used [0x0000000082600000,0x00000000826de540,0x0000000087a00000)
 Metaspace       used 16043K, capacity 16570K, committed 16768K, reserved 1064960K
  class space    used 1981K, capacity 2127K, committed 2176K, reserved 1048576K
Event: 2.233 GC heap after
Heap after GC invocations=2 (full 0):
 PSYoungGen      total 37888K, used 5113K [0x00000000d6200000, 0x00000000dac00000, 0x0000000100000000)
  eden space 32768K, 0% used [0x00000000d6200000,0x00000000d6200000,0x00000000d8200000)
  from space 5120K, 99% used [0x00000000d8700000,0x00000000d8bfe550,0x00000000d8c00000)
  to   space 5120K, 0% used [0x00000000d8200000,0x00000000d8200000,0x00000000d8700000)
 ParOldGen       total 86016K, used 3405K [0x0000000082600000, 0x0000000087a00000, 0x00000000d6200000)
  object space 86016K, 3% used [0x0000000082600000,0x00000000829537f8,0x0000000087a00000)
 Metaspace       used 16043K, capacity 16570K, committed 16768K, reserved 1064960K
  class space    used 1981K, capacity 2127K, committed 2176K, reserved 1048576K
}
Event: 3.140 GC heap before
{Heap before GC invocations=3 (full 0):
 PSYoungGen      total 37888K, used 37881K [0x00000000d6200000, 0x00000000dac00000, 0x0000000100000000)
  eden space 32768K, 100% used [0x00000000d6200000,0x00000000d8200000,0x00000000d8200000)
  from space 5120K, 99% used [0x00000000d8700000,0x00000000d8bfe550,0x00000000d8c00000)
  to   space 5120K, 0% used [0x00000000d8200000,0x00000000d8200000,0x00000000d8700000)
 ParOldGen       total 86016K, used 3405K [0x0000000082600000, 0x0000000087a00000, 0x00000000d6200000)
  object space 86016K, 3% used [0x0000000082600000,0x00000000829537f8,0x0000000087a00000)
 Metaspace       used 19619K, capacity 20348K, committed 20608K, reserved 1067008K
  class space    used 2462K, capacity 2642K, committed 2688K, reserved 1048576K
Event: 3.150 GC heap after
Heap after GC invocations=3 (full 0):
 PSYoungGen      total 37888K, used 5088K [0x00000000d6200000, 0x00000000dac00000, 0x0000000100000000)
  eden space 32768K, 0% used [0x00000000d6200000,0x00000000d6200000,0x00000000d8200000)
  from space 5120K, 99% used [0x00000000d8200000,0x00000000d86f8020,0x00000000d8700000)
  to   space 5120K, 0% used [0x00000000da700000,0x00000000da700000,0x00000000dac00000)
 ParOldGen       total 86016K, used 6212K [0x0000000082600000, 0x0000000087a00000, 0x00000000d6200000)
  object space 86016K, 7% used [0x0000000082600000,0x0000000082c110a0,0x0000000087a00000)
 Metaspace       used 19619K, capacity 20348K, committed 20608K, reserved 1067008K
  class space    used 2462K, capacity 2642K, committed 2688K, reserved 1048576K
}
Event: 3.352 GC heap before
{Heap before GC invocations=4 (full 0):
 PSYoungGen      total 37888K, used 12552K [0x00000000d6200000, 0x00000000dac00000, 0x0000000100000000)
  eden space 32768K, 22% used [0x00000000d6200000,0x00000000d694a3c8,0x00000000d8200000)
  from space 5120K, 99% used [0x00000000d8200000,0x00000000d86f8020,0x00000000d8700000)
  to   space 5120K, 0% used [0x00000000da700000,0x00000000da700000,0x00000000dac00000)
 ParOldGen       total 86016K, used 6212K [0x0000000082600000, 0x0000000087a00000, 0x00000000d6200000)
  object space 86016K, 7% used [0x0000000082600000,0x0000000082c110a0,0x0000000087a00000)
 Metaspace       used 20370K, capacity 21182K, committed 21248K, reserved 1067008K
  class space    used 2548K, capacity 2755K, committed 2816K, reserved 1048576K
Event: 3.359 GC heap after
Heap after GC invocations=4 (full 0):
 PSYoungGen      total 70656K, used 5117K [0x00000000d6200000, 0x00000000dac00000, 0x0000000100000000)
  eden space 65536K, 0% used [0x00000000d6200000,0x00000000d6200000,0x00000000da200000)
  from space 5120K, 99% used [0x00000000da700000,0x00000000dabff610,0x00000000dac00000)
  to   space 5120K, 0% used [0x00000000da200000,0x00000000da200000,0x00000000da700000)
 ParOldGen       total 86016K, used 6699K [0x0000000082600000, 0x0000000087a00000, 0x00000000d6200000)
  object space 86016K, 7% used [0x0000000082600000,0x0000000082c8ac58,0x0000000087a00000)
 Metaspace       used 20370K, capacity 21182K, committed 21248K, reserved 1067008K
  class space    used 2548K, capacity 2755K, committed 2816K, reserved 1048576K
}
Event: 3.359 GC heap before
{Heap before GC invocations=5 (full 1):
 PSYoungGen      total 70656K, used 5117K [0x00000000d6200000, 0x00000000dac00000, 0x0000000100000000)
  eden space 65536K, 0% used [0x00000000d6200000,0x00000000d6200000,0x00000000da200000)
  from space 5120K, 99% used [0x00000000da700000,0x00000000dabff610,0x00000000dac00000)
  to   space 5120K, 0% used [0x00000000da200000,0x00000000da200000,0x00000000da700000)
 ParOldGen       total 86016K, used 6699K [0x0000000082600000, 0x0000000087a00000, 0x00000000d6200000)
  object space 86016K, 7% used [0x0000000082600000,0x0000000082c8ac58,0x0000000087a00000)
 Metaspace       used 20370K, capacity 21182K, committed 21248K, reserved 1067008K
  class space    used 2548K, capacity 2755K, committed 2816K, reserved 1048576K
Event: 3.403 GC heap after
Heap after GC invocations=5 (full 1):
 PSYoungGen      total 70656K, used 0K [0x00000000d6200000, 0x00000000dac00000, 0x0000000100000000)
  eden space 65536K, 0% used [0x00000000d6200000,0x00000000d6200000,0x00000000da200000)
  from space 5120K, 0% used [0x00000000da700000,0x00000000da700000,0x00000000dac00000)
  to   space 5120K, 0% used [0x00000000da200000,0x00000000da200000,0x00000000da700000)
 ParOldGen       total 56832K, used 5381K [0x0000000082600000, 0x0000000085d80000, 0x00000000d6200000)
  object space 56832K, 9% used [0x0000000082600000,0x0000000082b41468,0x0000000085d80000)
 Metaspace       used 20369K, capacity 21176K, committed 21248K, reserved 1067008K
  class space    used 2548K, capacity 2754K, committed 2816K, reserved 1048576K
}

Deoptimization events (10 events):
Event: 4.117 Thread 0x0000000002a54800 Uncommon trap: reason=array_check action=maybe_recompile pc=0x00000000033594c0 method=java.util.AbstractCollection.toArray([Ljava/lang/Object;)[Ljava/lang/Object; @ 119
Event: 4.117 Thread 0x0000000002a54800 Uncommon trap: reason=array_check action=maybe_recompile pc=0x00000000033594c0 method=java.util.AbstractCollection.toArray([Ljava/lang/Object;)[Ljava/lang/Object; @ 119
Event: 4.179 Thread 0x0000000002a54800 Uncommon trap: reason=unstable_if action=reinterpret pc=0x000000000327ab84 method=java.util.LinkedHashMap.get(Ljava/lang/Object;)Ljava/lang/Object; @ 20
Event: 4.193 Thread 0x0000000002a54800 Uncommon trap: reason=unstable_if action=reinterpret pc=0x00000000030cfce0 method=java.util.Properties.loadConvert([CII[C)Ljava/lang/String; @ 57
Event: 5.421 Thread 0x0000000002a54800 Uncommon trap: reason=unstable_if action=reinterpret pc=0x0000000003286944 method=java.io.WinNTFileSystem.resolve(Ljava/lang/String;Ljava/lang/String;)Ljava/lang/String; @ 19
Event: 5.430 Thread 0x0000000002a54800 Uncommon trap: reason=null_check action=make_not_entrant pc=0x00000000033b7f48 method=java.net.URL.getURLStreamHandler(Ljava/lang/String;)Ljava/net/URLStreamHandler; @ 7
Event: 5.436 Thread 0x0000000002a54800 Uncommon trap: reason=class_check action=maybe_recompile pc=0x000000000325577c method=java.util.zip.InflaterInputStream.read([BII)I @ 100
Event: 5.436 Thread 0x0000000002a54800 Uncommon trap: reason=class_check action=maybe_recompile pc=0x000000000325577c method=java.util.zip.InflaterInputStream.read([BII)I @ 100
Event: 5.441 Thread 0x0000000002a54800 Uncommon trap: reason=class_check action=maybe_recompile pc=0x000000000325577c method=java.util.zip.InflaterInputStream.read([BII)I @ 100
Event: 5.441 Thread 0x0000000002a54800 Uncommon trap: reason=class_check action=maybe_recompile pc=0x000000000325577c method=java.util.zip.InflaterInputStream.read([BII)I @ 100

Classes redefined (0 events):
No events

Internal exceptions (10 events):
Event: 2.559 Thread 0x0000000002a54800 Exception <a 'java/lang/ClassNotFoundException': org/springframework/context/EnvironmentAwareCustomizer> (0x00000000d6d98720) thrown at [C:\re\workspace\8-2-build-windows-amd64-cygwin\jdk8u221\13320\hotspot\src\share\vm\classfile\systemDictionary.cpp, lin
Event: 2.559 Thread 0x0000000002a54800 Exception <a 'java/lang/ClassNotFoundException': org/springframework/beans/factory/AwareCustomizer> (0x00000000d6da4618) thrown at [C:\re\workspace\8-2-build-windows-amd64-cygwin\jdk8u221\13320\hotspot\src\share\vm\classfile\systemDictionary.cpp, line 210
Event: 2.758 Thread 0x0000000002a54800 Exception <a 'java/lang/NoSuchMethodError': java.lang.Object.lambda$or$2(Ljava/util/function/Predicate;Ljava/lang/Object;)Z> (0x00000000d70faa08) thrown at [C:\re\workspace\8-2-build-windows-amd64-cygwin\jdk8u221\13320\hotspot\src\share\vm\interpreter\lin
Event: 2.881 Thread 0x0000000002a54800 Exception <a 'java/lang/IncompatibleClassChangeError': Found class java.lang.Object, but interface was expected> (0x00000000d77038f8) thrown at [C:\re\workspace\8-2-build-windows-amd64-cygwin\jdk8u221\13320\hotspot\src\share\vm\interpreter\linkResolver.cp
Event: 2.931 Thread 0x0000000002a54800 Exception <a 'java/lang/NoSuchMethodError': java.lang.Object.lambda$getAllAnnotationAttributes$0(Lorg/springframework/util/MultiValueMap;)Lorg/springframework/util/MultiValueMap;> (0x00000000d78ebf90) thrown at [C:\re\workspace\8-2-build-windows-amd64-cyg
Event: 2.932 Thread 0x0000000002a54800 Exception <a 'java/lang/NoSuchMethodError': java.lang.Object.lambda$identity$2(Ljava/lang/Object;)Ljava/lang/Object;> (0x00000000d78fc200) thrown at [C:\re\workspace\8-2-build-windows-amd64-cygwin\jdk8u221\13320\hotspot\src\share\vm\interpreter\linkResolv
Event: 4.047 Thread 0x0000000002a54800 Exception <a 'java/lang/IncompatibleClassChangeError': Found class java.lang.Object, but interface was expected> (0x00000000d755e920) thrown at [C:\re\workspace\8-2-build-windows-amd64-cygwin\jdk8u221\13320\hotspot\src\share\vm\interpreter\linkResolver.cp
Event: 4.054 Thread 0x0000000002a54800 Exception <a 'java/lang/NoSuchMethodError': java.lang.Object.lambda$and$0(Ljava/util/function/Predicate;Ljava/lang/Object;)Z> (0x00000000d75a22b8) thrown at [C:\re\workspace\8-2-build-windows-amd64-cygwin\jdk8u221\13320\hotspot\src\share\vm\interpreter\li
Event: 5.078 Thread 0x0000000002a54800 Exception <a 'sun/nio/fs/WindowsException'> (0x00000000d79ead10) thrown at [C:\re\workspace\8-2-build-windows-amd64-cygwin\jdk8u221\13320\hotspot\src\share\vm\prims\jni.cpp, line 710]
Event: 5.430 Thread 0x0000000002a54800 Implicit null exception at 0x00000000033b5cf3 to 0x00000000033b7f3d

Events (10 events):
Event: 5.534 loading class org/apache/catalina/util/SessionIdGeneratorBase
Event: 5.534 loading class org/apache/catalina/util/SessionIdGeneratorBase done
Event: 5.536 loading class org/apache/catalina/util/StandardSessionIdGenerator
Event: 5.536 loading class org/apache/catalina/util/StandardSessionIdGenerator done
Event: 5.537 loading class javax/security/auth/message/MessageInfo
Event: 5.537 loading class javax/security/auth/message/MessageInfo done
Event: 5.538 loading class org/apache/tomcat/util/http/FastHttpDateFormat
Event: 5.538 loading class org/apache/tomcat/util/http/FastHttpDateFormat done
Event: 5.539 loading class org/apache/tomcat/util/http/ConcurrentDateFormat
Event: 5.539 loading class org/apache/tomcat/util/http/ConcurrentDateFormat done


Dynamic libraries:
0x00007ff6eda60000 - 0x00007ff6eda97000 	C:\Program Files\Java\jdk1.8.0_221\bin\java.exe
0x00007ffa89be0000 - 0x00007ffa89dcd000 	C:\WINDOWS\SYSTEM32\ntdll.dll
0x00007ffa639b0000 - 0x00007ffa63a21000 	C:\WINDOWS\System32\verifier.dll
0x00007ffa442b0000 - 0x00007ffa443a4000 	C:\WINDOWS\SYSTEM32\PayloadRestrictions.dll
0x00007ffa86680000 - 0x00007ffa8677a000 	C:\WINDOWS\System32\ucrtbase.dll
0x00007ffa86a60000 - 0x00007ffa86cf5000 	C:\WINDOWS\System32\kernelbase.dll
0x00007ffa89af0000 - 0x00007ffa89ba3000 	C:\WINDOWS\System32\kernel32.dll
0x0000000066220000 - 0x00000000662b3000 	C:\WINDOWS\System32\SYSFER.DLL
0x00007ffa89870000 - 0x00007ffa89913000 	C:\WINDOWS\System32\ADVAPI32.dll
0x00007ffa878e0000 - 0x00007ffa8797e000 	C:\WINDOWS\System32\msvcrt.dll
0x00007ffa892c0000 - 0x00007ffa8935e000 	C:\WINDOWS\System32\sechost.dll
0x00007ffa87400000 - 0x00007ffa87522000 	C:\WINDOWS\System32\RPCRT4.dll
0x00007ffa89950000 - 0x00007ffa89ae7000 	C:\WINDOWS\System32\USER32.dll
0x00007ffa85f10000 - 0x00007ffa85f30000 	C:\WINDOWS\System32\win32u.dll
0x00007ffa87980000 - 0x00007ffa879a9000 	C:\WINDOWS\System32\GDI32.dll
0x00007ffa85d50000 - 0x00007ffa85eea000 	C:\WINDOWS\System32\gdi32full.dll
0x00007ffa86d60000 - 0x00007ffa86e00000 	C:\WINDOWS\System32\msvcp_win.dll
0x00007ffa6fbf0000 - 0x00007ffa6fe69000 	C:\WINDOWS\WinSxS\amd64_microsoft.windows.common-controls_6595b64144ccf1df_6.0.17763.1282_none_de75b6f253473c0f\COMCTL32.dll
0x00007ffa870d0000 - 0x00007ffa873fc000 	C:\WINDOWS\System32\combase.dll
0x00007ffa85ca0000 - 0x00007ffa85d1e000 	C:\WINDOWS\System32\bcryptPrimitives.dll
0x00007ffa89920000 - 0x00007ffa8994e000 	C:\WINDOWS\System32\IMM32.DLL
0x00007ffa848d0000 - 0x00007ffa849f1000 	C:\Program Files\Avecto\Privilege Guard Client\PGHook.dll
0x00007ffa87c00000 - 0x00007ffa890f8000 	C:\WINDOWS\System32\shell32.dll
0x00007ffa86830000 - 0x00007ffa8687a000 	C:\WINDOWS\System32\cfgmgr32.dll
0x00007ffa879b0000 - 0x00007ffa87a58000 	C:\WINDOWS\System32\shcore.dll
0x00007ffa85f30000 - 0x00007ffa8667f000 	C:\WINDOWS\System32\windows.storage.dll
0x00007ffa85c70000 - 0x00007ffa85c94000 	C:\WINDOWS\System32\profapi.dll
0x00007ffa85c10000 - 0x00007ffa85c6d000 	C:\WINDOWS\System32\powrprof.dll
0x00007ffa89200000 - 0x00007ffa89252000 	C:\WINDOWS\System32\shlwapi.dll
0x00007ffa85bd0000 - 0x00007ffa85be1000 	C:\WINDOWS\System32\kernel.appcore.dll
0x00007ffa85ef0000 - 0x00007ffa85f07000 	C:\WINDOWS\System32\cryptsp.dll
0x00007ffa84d10000 - 0x00007ffa84d43000 	C:\WINDOWS\system32\rsaenh.dll
0x00007ffa85d20000 - 0x00007ffa85d46000 	C:\WINDOWS\System32\bcrypt.dll
0x00007ffa85560000 - 0x00007ffa8556c000 	C:\WINDOWS\SYSTEM32\CRYPTBASE.dll
0x00000000644c0000 - 0x0000000064592000 	C:\Program Files\Java\jdk1.8.0_221\jre\bin\msvcr100.dll
0x00000000622d0000 - 0x0000000062b75000 	C:\Program Files\Java\jdk1.8.0_221\jre\bin\server\jvm.dll
0x00007ffa897e0000 - 0x00007ffa897e8000 	C:\WINDOWS\System32\PSAPI.DLL
0x00007ffa72410000 - 0x00007ffa72419000 	C:\WINDOWS\SYSTEM32\WSOCK32.dll
0x00007ffa87a60000 - 0x00007ffa87acd000 	C:\WINDOWS\System32\WS2_32.dll
0x00007ffa7bc80000 - 0x00007ffa7bca4000 	C:\WINDOWS\SYSTEM32\WINMM.dll
0x00007ffa72400000 - 0x00007ffa7240a000 	C:\WINDOWS\SYSTEM32\VERSION.dll
0x00007ffa7bc50000 - 0x00007ffa7bc7d000 	C:\WINDOWS\SYSTEM32\WINMMBASE.dll
0x00007ffa750f0000 - 0x00007ffa750ff000 	C:\Program Files\Java\jdk1.8.0_221\jre\bin\verify.dll
0x00007ffa6f940000 - 0x00007ffa6f969000 	C:\Program Files\Java\jdk1.8.0_221\jre\bin\java.dll
0x00007ffa6f8f0000 - 0x00007ffa6f906000 	C:\Program Files\Java\jdk1.8.0_221\jre\bin\zip.dll
0x00007ffa6d080000 - 0x00007ffa6d09a000 	C:\Program Files\Java\jdk1.8.0_221\jre\bin\net.dll
0x00007ffa72040000 - 0x00007ffa72217000 	C:\WINDOWS\SYSTEM32\urlmon.dll
0x00007ffa72820000 - 0x00007ffa72ac8000 	C:\WINDOWS\SYSTEM32\iertutil.dll
0x00007ffa853e0000 - 0x00007ffa85447000 	C:\WINDOWS\system32\mswsock.dll
0x00007ffa6eca0000 - 0x00007ffa6ecb6000 	C:\WINDOWS\system32\napinsp.dll
0x00007ffa6ec80000 - 0x00007ffa6ec9a000 	C:\WINDOWS\system32\pnrpnsp.dll
0x00007ffa85160000 - 0x00007ffa85227000 	C:\WINDOWS\SYSTEM32\DNSAPI.dll
0x00007ffa891f0000 - 0x00007ffa891f8000 	C:\WINDOWS\System32\NSI.dll
0x00007ffa85110000 - 0x00007ffa8514d000 	C:\WINDOWS\SYSTEM32\IPHLPAPI.DLL
0x00007ffa6f030000 - 0x00007ffa6f03e000 	C:\WINDOWS\System32\winrnr.dll
0x00007ffa7ea30000 - 0x00007ffa7ea4b000 	C:\WINDOWS\system32\NLAapi.dll
0x00007ffa77620000 - 0x00007ffa77635000 	C:\WINDOWS\system32\wshbth.dll
0x00007ffa70080000 - 0x00007ffa7008a000 	C:\Windows\System32\rasadhlp.dll
0x00007ffa7b3a0000 - 0x00007ffa7b419000 	C:\WINDOWS\System32\fwpuclnt.dll
0x00007ffa741d0000 - 0x00007ffa741dd000 	C:\Program Files\Java\jdk1.8.0_221\jre\bin\management.dll
0x00007ffa638d0000 - 0x00007ffa638e2000 	C:\Program Files\Java\jdk1.8.0_221\jre\bin\nio.dll
0x00007ffa85b00000 - 0x00007ffa85b28000 	C:\WINDOWS\SYSTEM32\USERENV.dll
0x00007ffa776a0000 - 0x00007ffa776b6000 	C:\WINDOWS\SYSTEM32\dhcpcsvc6.DLL
0x00007ffa77ec0000 - 0x00007ffa77edc000 	C:\WINDOWS\SYSTEM32\dhcpcsvc.DLL

VM Arguments:
jvm_args: -Dfile.encoding=windows-1252 -Duser.country=IN -Duser.language=en -Duser.variant 
java_command: com.always.learner.DocService.DocServiceApplication --server.port=9083
java_class_path (initial): C:\GIT_REPO\DocService\build\classes\java\main;C:\GIT_REPO\DocService\build\resources\main;C:\Users\Kaushal.Kumar1\.gradle\caches\modules-2\files-2.1\org.springframework.boot\spring-boot-starter-web\2.3.2.RELEASE\85f79121fdaabcbcac085d0d4aad34af9f8dbba2\spring-boot-starter-web-2.3.2.RELEASE.jar;C:\Users\Kaushal.Kumar1\.gradle\caches\modules-2\files-2.1\org.springframework.boot\spring-boot-starter-json\2.3.2.RELEASE\42cc2348195b528f6b64861705ed475dbcc8f7c6\spring-boot-starter-json-2.3.2.RELEASE.jar;C:\Users\Kaushal.Kumar1\.gradle\caches\modules-2\files-2.1\org.springframework.boot\spring-boot-starter\2.3.2.RELEASE\7e6ad3ceb842332ce8cdb209dd74bf90027bfd7a\spring-boot-starter-2.3.2.RELEASE.jar;C:\Users\Kaushal.Kumar1\.gradle\caches\modules-2\files-2.1\org.springframework.boot\spring-boot-starter-tomcat\2.3.2.RELEASE\d3c560bfa7835bcaa334b07bcb5410e4347df4a1\spring-boot-starter-tomcat-2.3.2.RELEASE.jar;C:\Users\Kaushal.Kumar1\.gradle\caches\modules-2\files-2.1\org.springframework\spring-webmvc\5.2.8.RELEASE\9cccf8354a7e031e217681db33f14339200dffcf\spring-webmvc-5.2.8.RELEASE.jar;C:\Users\Kaushal.Kumar1\.gradle\caches\modules-2\files-2.1\org.springframework\spring-web\5.2.8.RELEASE\4f9542d61fff7beb6050e8028dfb6b7c6844c99a\spring-web-5.2.8.RELEASE.jar;C:\Users\Kaushal.Kumar1\.gradle\caches\modules-2\files-2.1\org.springframework.boot\spring-boot-autoconfigure\2.3.2.RELEASE\3156078e4e6a59ccaa7974337e3b4ae6d51039b6\spring-boot-autoconfigure-2.3.2.RELEASE.jar;C:\Users\Kaushal.Kumar1\.gradle\caches\modules-2\files-2.1\org.springframework.boot\spring-boot\2.3.2.RELEASE\efd5812bc736735e71447a51701becd14c2bede0\spring-boot-2.3.2.RELEASE.jar;C:\Users\Kaushal.Kumar1\.gradle\caches\modules-2\files-2.1\org.springframework.boot\spring-boot-starter-logging\2.3.2.RELEASE\19ee58b3a692335be2fd698603491015d635253f\spring-boot-starter-logging-2.3.2.RELEASE.jar;C:\Users\Kaushal.Kumar1\.gradle\caches\modules-2\files-2.1\jakarta.annotation\jakarta.annotation-api\1.
Launcher Type: SUN_STANDARD

Environment Variables:
JAVA_HOME=C:\Program Files\Java\jdk1.8.0_221
PATH=C:\WINDOWS\system32;C:\WINDOWS;C:\WINDOWS\System32\Wbem;C:\WINDOWS\System32\WindowsPowerShell\v1.0\;C:\WINDOWS\System32\OpenSSH\;C:\TA\apache-ant-1.8.2\apache-ant-1.8.2\bin;C:\Program Files\Microsoft SQL Server\Client SDK\ODBC\130\Tools\Binn\;C:\Program Files (x86)\Microsoft SQL Server\140\Tools\Binn\;C:\Program Files\Microsoft SQL Server\140\Tools\Binn\;C:\Program Files\Microsoft SQL Server\140\DTS\Binn\;C:\Program Files\Microsoft SQL Server\Client SDK\ODBC\110\Tools\Binn\;C:\Program Files (x86)\Microsoft SQL Server\120\Tools\Binn\;C:\Program Files\Microsoft SQL Server\120\Tools\Binn\;C:\Program Files\Microsoft SQL Server\120\DTS\Binn\;C:\Program Files (x86)\Microsoft SQL Server\120\Tools\Binn\ManagementStudio\;C:\Program Files (x86)\Microsoft SQL Server\120\DTS\Binn\;C:\Program Files\TortoiseSVN\bin;C:\Program Files\Java\jdk1.8.0_221\bin;%M2%;C:\Program Files\MySQL\MySQL Server 8.0\bin;C:\Program Files (x86)\Common Files\Hitachi ID\;C:\Program Files\Common Files\Hitachi ID\;C:\Program Files\TortoiseGit\bin;C:\Program Files\SourceGear\Common\DiffMerge\;C:\Program Files (x86)\Riverbed\Steelhead Mobile\;C:\Program Files\1E\Client\Extensibility\NomadBranch;C:\Program Files\MySQL\MySQL Shell 8.0\bin\;C:\Users\Kaushal.Kumar1\AppData\Local\Microsoft\WindowsApps;C:\Program Files\Java\jdk1.8.0_221\bin;C:\kaushal\new_workspace10032020\apache-maven-3.6.3-bin\apache-maven-3.6.3\bin;C:\kaushal\new_workspace10032020\Git\cmd
USERNAME=Kaushal.Kumar1
OS=Windows_NT
PROCESSOR_IDENTIFIER=Intel64 Family 6 Model 142 Stepping 10, GenuineIntel



---------------  S Y S T E M  ---------------

OS: Windows 10.0 , 64 bit Build 17763 (10.0.17763.1158)

CPU:total 8 (initial active 8) (4 cores per cpu, 2 threads per core) family 6 model 142 stepping 10, cmov, cx8, fxsr, mmx, sse, sse2, sse3, ssse3, sse4.1, sse4.2, popcnt, avx, avx2, aes, clmul, erms, rtm, 3dnowpref, lzcnt, ht, tsc, tscinvbit, bmi1, bmi2, adx

Memory: 4k page, physical 8228040k(262924k free), swap 33393864k(1888k free)

vm_info: Java HotSpot(TM) 64-Bit Server VM (25.221-b11) for windows-amd64 JRE (1.8.0_221-b11), built on Jul  4 2019 04:39:29 by "java_re" with MS VC++ 10.0 (VS2010)

time: Thu Aug 13 15:39:08 2020
timezone: India Standard Time
elapsed time: 5 seconds (0d 0h 0m 5s)

