JvmtiExport can_access_local_variables 0
JvmtiExport can_hotswap_or_post_breakpoint 0
JvmtiExport can_post_on_exceptions 0
# 457 ciObject found
ciMethod java/lang/Object <init> ()V 4097 1 145659 0 0
ciMethod java/lang/Object hashCode ()I 2049 1 256 0 -1
ciMethod java/lang/Object equals (Ljava/lang/Object;)Z 4097 1 4575 0 -1
ciMethod java/lang/Object clone ()Ljava/lang/Object; 2049 1 256 0 -1
ciMethod java/lang/String <init> ([CII)V 2049 1 5398 0 704
ciMethod java/lang/String <init> ([BIILjava/lang/String;)V 2121 1 1079 0 -1
ciMethod java/lang/String <init> ([CZ)V 2049 1 10715 0 0
ciMethod java/lang/String length ()I 4097 1 122930 0 0
ciMethod java/lang/String charAt (I)C 4097 1 754772 0 -1
ciMethod java/lang/String codePointAt (I)I 81 1 5104 0 -1
ciMethod java/lang/String getChars ([CI)V 2073 1 5380 0 0
ciMethod java/lang/String equals (Ljava/lang/Object;)Z 2065 13689 2634 0 -1
ciMethod java/lang/String equalsIgnoreCase (Ljava/lang/String;)Z 2049 1 5443 0 1472
ciMethod java/lang/String regionMatches (ZILjava/lang/String;II)Z 1841 1137 3845 0 0
ciMethod java/lang/String startsWith (Ljava/lang/String;I)Z 1825 8241 5355 0 416
ciMethod java/lang/String endsWith (Ljava/lang/String;)Z 1769 1 10980 0 0
ciMethod java/lang/String hashCode ()I 2785 32769 1586 0 288
ciMethod java/lang/String lastIndexOf (I)I 2073 1 12599 0 288
ciMethod java/lang/String lastIndexOf (II)I 1041 54409 976 0 288
ciMethod java/lang/String lastIndexOfSupplementary (II)I 0 0 1 0 -1
ciMethod java/lang/String substring (II)Ljava/lang/String; 2073 1 5495 0 992
ciMethod java/lang/String concat (Ljava/lang/String;)Ljava/lang/String; 2065 1 5380 0 896
ciMethod java/lang/String replace (CC)Ljava/lang/String; 1049 48409 909 0 1152
ciMethod java/lang/String toUpperCase (Ljava/util/Locale;)Ljava/lang/String; 585 13353 731 0 2336
ciMethod java/lang/ClassLoader defineClass (Ljava/lang/String;[BIILjava/security/ProtectionDomain;)Ljava/lang/Class; 3249 1 1815 0 -1
ciMethod java/lang/ClassLoader definePackage (Ljava/lang/String;Ljava/lang/String;Ljava/lang/String;Ljava/lang/String;Ljava/lang/String;Ljava/lang/String;Ljava/lang/String;Ljava/net/URL;)Ljava/lang/Package; 1161 1 315 0 0
ciMethod java/lang/ClassLoader getPackage (Ljava/lang/String;)Ljava/lang/Package; 2073 1 3505 0 0
ciMethod java/lang/System nanoTime ()J 3073 1 384 0 -1
ciMethod java/lang/System arraycopy (Ljava/lang/Object;ILjava/lang/Object;II)V 5121 1 640 0 -1
ciMethod java/lang/Throwable addSuppressed (Ljava/lang/Throwable;)V 0 0 1 0 -1
ciMethod java/security/SecureClassLoader defineClass (Ljava/lang/String;[BIILjava/security/CodeSource;)Ljava/lang/Class; 3249 1 1785 0 0
ciMethod java/security/SecureClassLoader defineClass (Ljava/lang/String;Ljava/nio/ByteBuffer;Ljava/security/CodeSource;)Ljava/lang/Class; 0 0 1 0 -1
ciMethod java/security/SecureClassLoader getProtectionDomain (Ljava/security/CodeSource;)Ljava/security/ProtectionDomain; 3249 1 1815 0 -1
ciMethod java/lang/ref/Reference get ()Ljava/lang/Object; 1041 1 130 0 -1
ciMethod java/lang/ref/Reference <init> (Ljava/lang/Object;)V 2057 1 2699 0 0
ciMethod java/lang/ref/Reference <init> (Ljava/lang/Object;Ljava/lang/ref/ReferenceQueue;)V 2057 1 10769 0 96
ciMethod java/lang/ref/SoftReference <init> (Ljava/lang/Object;)V 2049 1 1185 0 0
ciMethod java/lang/ref/SoftReference get ()Ljava/lang/Object; 2065 1 4046 0 0
ciMethod java/lang/Thread currentThread ()Ljava/lang/Thread; 2049 1 256 0 -1
ciMethod java/lang/Thread interrupt ()V 0 0 1 0 -1
ciMethod java/lang/Thread interrupted ()Z 4097 1 1988 0 -1
ciMethod java/util/Map get (Ljava/lang/Object;)Ljava/lang/Object; 0 0 1 0 -1
ciMethod java/util/Map put (Ljava/lang/Object;Ljava/lang/Object;)Ljava/lang/Object; 0 0 1 0 -1
ciMethod java/util/Hashtable <init> (IF)V 2049 1 443 0 0
ciMethod java/util/Hashtable <init> (I)V 769 1 96 0 0
ciMethod java/util/Hashtable <init> ()V 2049 1 347 0 0
ciMethod java/util/Dictionary <init> ()V 2049 1 443 0 0
ciMethod sun/misc/Unsafe ensureClassInitialized (Ljava/lang/Class;)V 1369 1 169 0 -1
ciMethod java/io/ByteArrayInputStream <init> ([B)V 65 1 97 0 0
ciMethod java/io/InputStream <init> ()V 2057 1 5136 0 0
ciMethod java/io/InputStream read ([BII)I 9 2193 1 0 -1
ciMethod java/io/InputStream close ()V 0 0 1 0 -1
ciMethod java/net/URLClassLoader getAndVerifyPackage (Ljava/lang/String;Ljava/util/jar/Manifest;Ljava/net/URL;)Ljava/lang/Package; 4097 1 1793 0 0
ciMethod java/net/URLClassLoader definePackageInternal (Ljava/lang/String;Ljava/util/jar/Manifest;Ljava/net/URL;)V 3241 1 1785 0 0
ciMethod java/net/URLClassLoader defineClass (Ljava/lang/String;Lsun/misc/Resource;)Ljava/lang/Class; 1193 1 1785 0 0
ciMethod java/net/URLClassLoader definePackage (Ljava/lang/String;Ljava/util/jar/Manifest;Ljava/net/URL;)Ljava/lang/Package; 1161 1 314 0 0
ciMethod java/net/URLClassLoader isSealed (Ljava/lang/String;Ljava/util/jar/Manifest;)Z 2049 1 1478 0 0
ciMethod java/net/URLClassLoader access$000 (Ljava/net/URLClassLoader;)Lsun/misc/URLClassPath; 1033 1 129 0 0
ciMethod java/net/URLClassLoader access$100 (Ljava/net/URLClassLoader;Ljava/lang/String;Lsun/misc/Resource;)Ljava/lang/Class; 1193 1 1782 0 0
ciMethod java/util/jar/Manifest <init> (Ljava/io/InputStream;)V 193 1 72 0 0
ciMethod java/util/jar/Manifest <init> (Ljava/util/jar/JarVerifier;Ljava/io/InputStream;)V 249 1 166 0 0
ciMethod java/util/jar/Manifest getMainAttributes ()Ljava/util/jar/Attributes; 1041 1 130 0 0
ciMethod java/util/jar/Manifest getEntries ()Ljava/util/Map; 1025 1 128 0 0
ciMethod java/util/jar/Manifest getAttributes (Ljava/lang/String;)Ljava/util/jar/Attributes; 4097 1 1908 0 0
ciMethod java/util/jar/Manifest getTrustedAttributes (Ljava/lang/String;)Ljava/util/jar/Attributes; 3009 1 1806 0 0
ciMethod java/util/jar/Manifest read (Ljava/io/InputStream;)V 1337 393 167 0 -1
ciMethod java/util/jar/Manifest parseName ([BI)Ljava/lang/String; 393 1 49 0 -1
ciMethod java/security/CodeSource <init> (Ljava/net/URL;[Ljava/security/CodeSigner;)V 3241 1 1785 0 0
ciMethod java/lang/Character charCount (I)I 177 1 7913 0 -1
ciMethod java/lang/Character toChars (I[CI)I 0 0 1 0 -1
ciMethod java/lang/Character toChars (I)[C 0 0 1 0 -1
ciMethod java/lang/Character toLowerCase (C)C 2097 1 10305 0 0
ciMethod java/lang/Character toLowerCase (I)I 4097 1 92412 0 160
ciMethod java/lang/Character toUpperCase (C)C 1593 1 10663 0 0
ciMethod java/lang/Character toUpperCase (I)I 1593 1 10663 0 0
ciMethod java/lang/Character toUpperCaseEx (I)I 2329 1 26733 0 -1
ciMethod java/lang/Character toUpperCaseCharArray (I)[C 0 0 1 0 -1
ciMethod java/lang/Float isNaN (F)Z 2057 1 2999 0 0
ciMethod java/lang/Float floatToRawIntBits (F)I 9 1 1 0 -1
ciMethod java/util/Comparator compare (Ljava/lang/Object;Ljava/lang/Object;)I 0 0 1 0 -1
ciMethod java/security/AccessController doPrivileged (Ljava/security/PrivilegedAction;)Ljava/lang/Object; 2049 1 256 0 -1
ciMethod java/util/AbstractList <init> ()V 2057 1 6394 0 0
ciMethod java/util/AbstractCollection <init> ()V 2473 1 11527 0 0
ciMethod java/util/ArrayList <init> ()V 1497 1 2585 0 0
ciMethod java/util/ArrayList get (I)Ljava/lang/Object; 2129 1 8099 0 -1
ciMethod java/util/AbstractMap <init> ()V 1353 1 4573 0 0
ciMethod sun/misc/SharedSecrets javaUtilJarAccess ()Lsun/misc/JavaUtilJarAccess; 2049 1 3821 0 0
ciMethod java/util/HashMap hash (Ljava/lang/Object;)I 2249 1 19727 0 160
ciMethod java/util/HashMap tableSizeFor (I)I 2065 1 1981 0 -1
ciMethod java/util/HashMap <init> (IF)V 2057 1 1976 0 0
ciMethod java/util/HashMap <init> (I)V 2049 1 729 0 0
ciMethod java/util/HashMap <init> ()V 841 1 1885 0 0
ciMethod java/util/HashMap get (Ljava/lang/Object;)Ljava/lang/Object; 2161 1 10550 0 576
ciMethod java/util/HashMap getNode (ILjava/lang/Object;)Ljava/util/HashMap$Node; 2057 17 5468 0 576
ciMethod java/util/HashMap put (Ljava/lang/Object;Ljava/lang/Object;)Ljava/lang/Object; 2193 1 6628 0 1248
ciMethod java/util/HashMap putVal (ILjava/lang/Object;Ljava/lang/Object;ZZ)Ljava/lang/Object; 2193 281 6633 0 -1
ciMethod java/lang/Math max (II)I 641 1 65323 0 -1
ciMethod java/lang/Math min (II)I 3401 1 43882 0 -1
ciMethod java/lang/Math min (FF)F 2057 1 469 0 0
ciMethod java/io/OutputStream <init> ()V 2065 1 261 0 0
ciMethod java/util/Arrays copyOf ([BI)[B 2049 1 10493 0 -1
ciMethod java/util/Arrays copyOf ([CI)[C 1041 1 14642 0 0
ciMethod java/util/Arrays copyOfRange ([CII)[C 2049 1 5449 0 512
ciMethodData java/lang/Object <init> ()V 2 145665 orig 264 104 147 139 98 0 0 0 0 128 4 179 19 0 0 0 0 32 1 0 0 0 0 0 0 0 0 0 0 0 0 0 0 0 0 0 0 0 0 0 0 0 0 0 0 0 0 0 0 0 0 0 0 0 0 0 0 0 0 0 0 0 0 0 0 0 0 0 0 0 0 0 0 0 0 0 0 0 0 0 0 77 68 79 32 101 120 116 114 97 32 100 97 116 97 32 108 111 99 107 0 0 0 0 0 0 0 0 0 0 0 0 0 0 0 0 0 0 0 0 0 0 0 0 0 0 0 0 0 0 0 0 0 0 0 0 0 0 0 0 0 0 0 0 0 0 0 0 0 0 0 0 0 0 0 0 0 0 0 0 0 0 0 0 0 0 0 0 0 0 0 0 0 0 0 0 0 0 0 0 0 0 0 0 0 1 0 0 0 0 0 0 0 1 0 0 0 0 0 0 0 1 0 0 0 0 0 0 0 0 0 0 0 0 0 0 0 0 2 0 0 9 184 17 0 1 0 0 0 0 0 0 0 0 0 0 0 2 0 0 0 0 0 3 0 1 0 0 0 0 0 0 0 255 255 255 255 0 0 0 0 0 0 0 0 data 0 oops 0
ciMethod java/lang/IllegalArgumentException <init> (Ljava/lang/String;)V 0 0 1 0 -1
ciMethod sun/misc/MetaIndex mayContain (Ljava/lang/String;)Z 1825 8241 3618 0 -1
ciMethod java/util/Locale getLanguage ()Ljava/lang/String; 425 1 1129 0 -1
ciMethod java/lang/CharacterData toLowerCase (I)I 0 0 1 0 -1
ciMethod java/lang/CharacterData toUpperCase (I)I 0 0 1 0 -1
ciMethod java/lang/CharacterData of (I)Ljava/lang/CharacterData; 4097 1 5687 0 96
ciMethod java/lang/CharacterDataLatin1 getProperties (I)I 4097 1 24872 0 -1
ciMethod java/lang/CharacterDataLatin1 toLowerCase (I)I 4097 1 5668 0 160
ciMethod java/lang/CharacterDataLatin1 toUpperCase (I)I 2057 1 5389 0 160
ciMethod java/util/HashMap$TreeNode getTreeNode (ILjava/lang/Object;)Ljava/util/HashMap$TreeNode; 0 0 1 0 -1
ciMethodData java/lang/Character toLowerCase (I)I 2 92412 orig 264 104 147 139 98 0 0 0 0 80 186 188 19 0 0 0 0 136 1 0 0 0 0 0 0 0 0 0 0 0 0 0 0 0 0 0 0 0 0 0 0 0 0 0 0 0 0 0 0 0 0 0 0 0 0 0 0 0 0 0 0 0 0 0 0 0 0 0 0 0 0 0 0 0 0 0 0 0 0 0 0 77 68 79 32 101 120 116 114 97 32 100 97 116 97 32 108 111 99 107 0 0 0 0 0 0 0 0 0 0 0 0 0 0 0 0 0 0 0 0 0 0 0 0 0 0 0 0 0 0 0 0 0 0 0 0 0 0 0 0 0 0 0 0 0 0 0 0 0 0 0 0 0 0 0 0 0 0 0 0 0 0 0 0 0 0 0 0 0 0 0 0 0 0 0 0 0 0 0 0 0 0 0 0 0 0 0 0 0 0 0 0 0 0 0 0 0 0 0 0 0 0 0 0 0 0 0 0 0 0 0 0 0 0 0 0 0 0 2 0 0 225 55 11 0 1 0 0 0 0 0 0 0 0 0 0 0 2 0 0 0 0 0 3 0 2 0 0 0 64 0 0 0 255 255 255 255 2 0 1 0 0 0 0 0 data 8 0x10002 0x166fc 0x50005 0x0 0x17afff10 0x166fc 0x0 0x0 oops 1